{"/Users/jsthomas1288/Code/GovCIO/mdl-web-app/database/database.ts":{"path":"/Users/jsthomas1288/Code/GovCIO/mdl-web-app/database/database.ts","statementMap":{"0":{"start":{"line":2,"column":22},"end":{"line":4,"column":1}},"1":{"start":{"line":3,"column":4},"end":{"line":3,"column":62}},"2":{"start":{"line":5,"column":0},"end":{"line":5,"column":62}},"3":{"start":{"line":6,"column":0},"end":{"line":6,"column":146}},"4":{"start":{"line":7,"column":24},"end":{"line":7,"column":48}},"5":{"start":{"line":8,"column":19},"end":{"line":8,"column":55}},"6":{"start":{"line":9,"column":17},"end":{"line":9,"column":37}},"7":{"start":{"line":10,"column":18},"end":{"line":10,"column":47}},"8":{"start":{"line":11,"column":31},"end":{"line":11,"column":64}},"9":{"start":{"line":12,"column":21},"end":{"line":12,"column":68}},"10":{"start":{"line":13,"column":24},"end":{"line":13,"column":74}},"11":{"start":{"line":14,"column":21},"end":{"line":14,"column":68}},"12":{"start":{"line":15,"column":0},"end":{"line":15,"column":40}},"13":{"start":{"line":16,"column":18},"end":{"line":16,"column":38}},"14":{"start":{"line":20,"column":4},"end":{"line":49,"column":7}},"15":{"start":{"line":21,"column":8},"end":{"line":48,"column":9}},"16":{"start":{"line":22,"column":12},"end":{"line":22,"column":89}},"17":{"start":{"line":23,"column":12},"end":{"line":23,"column":50}},"18":{"start":{"line":24,"column":12},"end":{"line":24,"column":33}},"19":{"start":{"line":26,"column":13},"end":{"line":48,"column":9}},"20":{"start":{"line":27,"column":12},"end":{"line":27,"column":61}},"21":{"start":{"line":28,"column":12},"end":{"line":28,"column":62}},"22":{"start":{"line":29,"column":29},"end":{"line":32,"column":13}},"23":{"start":{"line":34,"column":12},"end":{"line":44,"column":15}},"24":{"start":{"line":35,"column":16},"end":{"line":43,"column":17}},"25":{"start":{"line":36,"column":20},"end":{"line":36,"column":110}},"26":{"start":{"line":37,"column":20},"end":{"line":37,"column":58}},"27":{"start":{"line":38,"column":20},"end":{"line":38,"column":41}},"28":{"start":{"line":41,"column":20},"end":{"line":41,"column":87}},"29":{"start":{"line":42,"column":20},"end":{"line":42,"column":31}},"30":{"start":{"line":47,"column":12},"end":{"line":47,"column":23}},"31":{"start":{"line":53,"column":4},"end":{"line":84,"column":7}},"32":{"start":{"line":54,"column":8},"end":{"line":83,"column":9}},"33":{"start":{"line":55,"column":12},"end":{"line":55,"column":93}},"34":{"start":{"line":56,"column":12},"end":{"line":56,"column":50}},"35":{"start":{"line":57,"column":12},"end":{"line":57,"column":33}},"36":{"start":{"line":59,"column":13},"end":{"line":83,"column":9}},"37":{"start":{"line":60,"column":12},"end":{"line":60,"column":67}},"38":{"start":{"line":61,"column":12},"end":{"line":61,"column":68}},"39":{"start":{"line":62,"column":34},"end":{"line":67,"column":13}},"40":{"start":{"line":69,"column":12},"end":{"line":79,"column":15}},"41":{"start":{"line":70,"column":16},"end":{"line":78,"column":17}},"42":{"start":{"line":71,"column":20},"end":{"line":71,"column":83}},"43":{"start":{"line":72,"column":20},"end":{"line":72,"column":58}},"44":{"start":{"line":73,"column":20},"end":{"line":73,"column":41}},"45":{"start":{"line":76,"column":20},"end":{"line":76,"column":91}},"46":{"start":{"line":77,"column":20},"end":{"line":77,"column":31}},"47":{"start":{"line":82,"column":12},"end":{"line":82,"column":23}},"48":{"start":{"line":89,"column":4},"end":{"line":123,"column":7}},"49":{"start":{"line":90,"column":8},"end":{"line":122,"column":9}},"50":{"start":{"line":91,"column":12},"end":{"line":91,"column":93}},"51":{"start":{"line":92,"column":12},"end":{"line":92,"column":50}},"52":{"start":{"line":93,"column":12},"end":{"line":93,"column":33}},"53":{"start":{"line":95,"column":13},"end":{"line":122,"column":9}},"54":{"start":{"line":96,"column":12},"end":{"line":96,"column":69}},"55":{"start":{"line":97,"column":12},"end":{"line":97,"column":71}},"56":{"start":{"line":98,"column":12},"end":{"line":118,"column":15}},"57":{"start":{"line":99,"column":16},"end":{"line":117,"column":17}},"58":{"start":{"line":100,"column":20},"end":{"line":100,"column":121}},"59":{"start":{"line":101,"column":20},"end":{"line":101,"column":58}},"60":{"start":{"line":102,"column":20},"end":{"line":102,"column":41}},"61":{"start":{"line":105,"column":20},"end":{"line":105,"column":87}},"62":{"start":{"line":106,"column":20},"end":{"line":116,"column":23}},"63":{"start":{"line":107,"column":24},"end":{"line":115,"column":25}},"64":{"start":{"line":108,"column":28},"end":{"line":108,"column":132}},"65":{"start":{"line":109,"column":28},"end":{"line":109,"column":66}},"66":{"start":{"line":110,"column":28},"end":{"line":110,"column":49}},"67":{"start":{"line":113,"column":28},"end":{"line":113,"column":95}},"68":{"start":{"line":114,"column":28},"end":{"line":114,"column":39}},"69":{"start":{"line":121,"column":12},"end":{"line":121,"column":23}},"70":{"start":{"line":128,"column":4},"end":{"line":128,"column":105}},"71":{"start":{"line":128,"column":34},"end":{"line":128,"column":103}},"72":{"start":{"line":128,"column":65},"end":{"line":128,"column":102}},"73":{"start":{"line":130,"column":0},"end":{"line":130,"column":58}},"74":{"start":{"line":134,"column":27},"end":{"line":134,"column":43}},"75":{"start":{"line":135,"column":4},"end":{"line":137,"column":5}},"76":{"start":{"line":136,"column":8},"end":{"line":136,"column":50}},"77":{"start":{"line":138,"column":4},"end":{"line":138,"column":54}},"78":{"start":{"line":143,"column":26},"end":{"line":143,"column":48}},"79":{"start":{"line":144,"column":20},"end":{"line":144,"column":53}},"80":{"start":{"line":145,"column":18},"end":{"line":145,"column":107}},"81":{"start":{"line":146,"column":4},"end":{"line":148,"column":5}},"82":{"start":{"line":147,"column":8},"end":{"line":147,"column":127}},"83":{"start":{"line":149,"column":4},"end":{"line":149,"column":87}},"84":{"start":{"line":150,"column":4},"end":{"line":170,"column":7}},"85":{"start":{"line":151,"column":8},"end":{"line":169,"column":9}},"86":{"start":{"line":152,"column":30},"end":{"line":152,"column":72}},"87":{"start":{"line":153,"column":12},"end":{"line":155,"column":13}},"88":{"start":{"line":154,"column":16},"end":{"line":154,"column":40}},"89":{"start":{"line":156,"column":12},"end":{"line":156,"column":50}},"90":{"start":{"line":157,"column":12},"end":{"line":157,"column":104}},"91":{"start":{"line":158,"column":12},"end":{"line":163,"column":13}},"92":{"start":{"line":159,"column":16},"end":{"line":159,"column":89}},"93":{"start":{"line":162,"column":16},"end":{"line":162,"column":27}},"94":{"start":{"line":166,"column":12},"end":{"line":166,"column":95}},"95":{"start":{"line":167,"column":12},"end":{"line":167,"column":50}},"96":{"start":{"line":168,"column":12},"end":{"line":168,"column":33}},"97":{"start":{"line":178,"column":4},"end":{"line":202,"column":7}},"98":{"start":{"line":179,"column":8},"end":{"line":201,"column":9}},"99":{"start":{"line":180,"column":12},"end":{"line":180,"column":97}},"100":{"start":{"line":181,"column":12},"end":{"line":181,"column":50}},"101":{"start":{"line":183,"column":13},"end":{"line":201,"column":9}},"102":{"start":{"line":184,"column":37},"end":{"line":184,"column":59}},"103":{"start":{"line":185,"column":36},"end":{"line":185,"column":64}},"104":{"start":{"line":186,"column":12},"end":{"line":196,"column":13}},"105":{"start":{"line":187,"column":16},"end":{"line":187,"column":86}},"106":{"start":{"line":188,"column":16},"end":{"line":189,"column":68}},"107":{"start":{"line":191,"column":17},"end":{"line":196,"column":13}},"108":{"start":{"line":192,"column":16},"end":{"line":192,"column":92}},"109":{"start":{"line":195,"column":16},"end":{"line":195,"column":27}},"110":{"start":{"line":199,"column":12},"end":{"line":199,"column":101}},"111":{"start":{"line":200,"column":12},"end":{"line":200,"column":95}},"112":{"start":{"line":204,"column":0},"end":{"line":204,"column":60}},"113":{"start":{"line":208,"column":25},"end":{"line":208,"column":27}},"114":{"start":{"line":209,"column":4},"end":{"line":212,"column":5}},"115":{"start":{"line":210,"column":8},"end":{"line":210,"column":54}},"116":{"start":{"line":211,"column":8},"end":{"line":211,"column":54}},"117":{"start":{"line":213,"column":4},"end":{"line":213,"column":110}},"118":{"start":{"line":214,"column":4},"end":{"line":214,"column":47}},"119":{"start":{"line":216,"column":4},"end":{"line":220,"column":7}},"120":{"start":{"line":217,"column":20},"end":{"line":217,"column":62}},"121":{"start":{"line":218,"column":8},"end":{"line":218,"column":46}},"122":{"start":{"line":219,"column":8},"end":{"line":219,"column":29}},"123":{"start":{"line":222,"column":4},"end":{"line":225,"column":7}},"124":{"start":{"line":223,"column":8},"end":{"line":223,"column":64}},"125":{"start":{"line":224,"column":8},"end":{"line":224,"column":104}},"126":{"start":{"line":224,"column":38},"end":{"line":224,"column":87}},"127":{"start":{"line":227,"column":0},"end":{"line":227,"column":32}},"128":{"start":{"line":231,"column":4},"end":{"line":231,"column":22}},"129":{"start":{"line":233,"column":0},"end":{"line":233,"column":38}},"130":{"start":{"line":234,"column":0},"end":{"line":237,"column":2}}},"fnMap":{"0":{"name":"(anonymous_0)","decl":{"start":{"line":2,"column":56},"end":{"line":2,"column":57}},"loc":{"start":{"line":2,"column":71},"end":{"line":4,"column":1}},"line":2},"1":{"name":"ensureDefaultInfoExists","decl":{"start":{"line":19,"column":9},"end":{"line":19,"column":32}},"loc":{"start":{"line":19,"column":82},"end":{"line":50,"column":1}},"line":19},"2":{"name":"(anonymous_2)","decl":{"start":{"line":19,"column":44},"end":{"line":19,"column":45}},"loc":{"start":{"line":19,"column":50},"end":{"line":19,"column":53}},"line":19},"3":{"name":"(anonymous_3)","decl":{"start":{"line":19,"column":71},"end":{"line":19,"column":72}},"loc":{"start":{"line":19,"column":77},"end":{"line":19,"column":80}},"line":19},"4":{"name":"(anonymous_4)","decl":{"start":{"line":20,"column":61},"end":{"line":20,"column":62}},"loc":{"start":{"line":20,"column":78},"end":{"line":49,"column":5}},"line":20},"5":{"name":"(anonymous_5)","decl":{"start":{"line":34,"column":50},"end":{"line":34,"column":51}},"loc":{"start":{"line":34,"column":67},"end":{"line":44,"column":13}},"line":34},"6":{"name":"ensureDefaultUsersExists","decl":{"start":{"line":52,"column":9},"end":{"line":52,"column":33}},"loc":{"start":{"line":52,"column":83},"end":{"line":85,"column":1}},"line":52},"7":{"name":"(anonymous_7)","decl":{"start":{"line":52,"column":45},"end":{"line":52,"column":46}},"loc":{"start":{"line":52,"column":51},"end":{"line":52,"column":54}},"line":52},"8":{"name":"(anonymous_8)","decl":{"start":{"line":52,"column":72},"end":{"line":52,"column":73}},"loc":{"start":{"line":52,"column":78},"end":{"line":52,"column":81}},"line":52},"9":{"name":"(anonymous_9)","decl":{"start":{"line":53,"column":59},"end":{"line":53,"column":60}},"loc":{"start":{"line":53,"column":76},"end":{"line":84,"column":5}},"line":53},"10":{"name":"(anonymous_10)","decl":{"start":{"line":69,"column":55},"end":{"line":69,"column":56}},"loc":{"start":{"line":69,"column":77},"end":{"line":79,"column":13}},"line":69},"11":{"name":"ensureDefaultMissionsExists","decl":{"start":{"line":88,"column":9},"end":{"line":88,"column":36}},"loc":{"start":{"line":88,"column":86},"end":{"line":124,"column":1}},"line":88},"12":{"name":"(anonymous_12)","decl":{"start":{"line":88,"column":48},"end":{"line":88,"column":49}},"loc":{"start":{"line":88,"column":54},"end":{"line":88,"column":57}},"line":88},"13":{"name":"(anonymous_13)","decl":{"start":{"line":88,"column":75},"end":{"line":88,"column":76}},"loc":{"start":{"line":88,"column":81},"end":{"line":88,"column":84}},"line":88},"14":{"name":"(anonymous_14)","decl":{"start":{"line":89,"column":42},"end":{"line":89,"column":43}},"loc":{"start":{"line":89,"column":63},"end":{"line":123,"column":5}},"line":89},"15":{"name":"(anonymous_15)","decl":{"start":{"line":98,"column":85},"end":{"line":98,"column":86}},"loc":{"start":{"line":98,"column":105},"end":{"line":118,"column":13}},"line":98},"16":{"name":"(anonymous_16)","decl":{"start":{"line":106,"column":96},"end":{"line":106,"column":97}},"loc":{"start":{"line":106,"column":116},"end":{"line":116,"column":21}},"line":106},"17":{"name":"ensureDefaultDataExists","decl":{"start":{"line":127,"column":9},"end":{"line":127,"column":32}},"loc":{"start":{"line":127,"column":82},"end":{"line":129,"column":1}},"line":127},"18":{"name":"(anonymous_18)","decl":{"start":{"line":127,"column":44},"end":{"line":127,"column":45}},"loc":{"start":{"line":127,"column":50},"end":{"line":127,"column":53}},"line":127},"19":{"name":"(anonymous_19)","decl":{"start":{"line":127,"column":71},"end":{"line":127,"column":72}},"loc":{"start":{"line":127,"column":77},"end":{"line":127,"column":80}},"line":127},"20":{"name":"(anonymous_20)","decl":{"start":{"line":128,"column":28},"end":{"line":128,"column":29}},"loc":{"start":{"line":128,"column":34},"end":{"line":128,"column":103}},"line":128},"21":{"name":"(anonymous_21)","decl":{"start":{"line":128,"column":59},"end":{"line":128,"column":60}},"loc":{"start":{"line":128,"column":65},"end":{"line":128,"column":102}},"line":128},"22":{"name":"generateFilePath","decl":{"start":{"line":133,"column":9},"end":{"line":133,"column":25}},"loc":{"start":{"line":133,"column":39},"end":{"line":139,"column":1}},"line":133},"23":{"name":"buildSchema","decl":{"start":{"line":142,"column":9},"end":{"line":142,"column":20}},"loc":{"start":{"line":142,"column":109},"end":{"line":171,"column":1}},"line":142},"24":{"name":"(anonymous_24)","decl":{"start":{"line":142,"column":71},"end":{"line":142,"column":72}},"loc":{"start":{"line":142,"column":77},"end":{"line":142,"column":80}},"line":142},"25":{"name":"(anonymous_25)","decl":{"start":{"line":142,"column":98},"end":{"line":142,"column":99}},"loc":{"start":{"line":142,"column":104},"end":{"line":142,"column":107}},"line":142},"26":{"name":"(anonymous_26)","decl":{"start":{"line":150,"column":39},"end":{"line":150,"column":40}},"loc":{"start":{"line":150,"column":66},"end":{"line":170,"column":5}},"line":150},"27":{"name":"ensureCorrectSchemaBuild","decl":{"start":{"line":177,"column":9},"end":{"line":177,"column":33}},"loc":{"start":{"line":177,"column":83},"end":{"line":203,"column":1}},"line":177},"28":{"name":"(anonymous_28)","decl":{"start":{"line":177,"column":45},"end":{"line":177,"column":46}},"loc":{"start":{"line":177,"column":51},"end":{"line":177,"column":54}},"line":177},"29":{"name":"(anonymous_29)","decl":{"start":{"line":177,"column":72},"end":{"line":177,"column":73}},"loc":{"start":{"line":177,"column":78},"end":{"line":177,"column":81}},"line":177},"30":{"name":"(anonymous_30)","decl":{"start":{"line":178,"column":61},"end":{"line":178,"column":62}},"loc":{"start":{"line":178,"column":78},"end":{"line":202,"column":5}},"line":178},"31":{"name":"initialize","decl":{"start":{"line":207,"column":9},"end":{"line":207,"column":19}},"loc":{"start":{"line":207,"column":69},"end":{"line":226,"column":1}},"line":207},"32":{"name":"(anonymous_32)","decl":{"start":{"line":207,"column":31},"end":{"line":207,"column":32}},"loc":{"start":{"line":207,"column":37},"end":{"line":207,"column":40}},"line":207},"33":{"name":"(anonymous_33)","decl":{"start":{"line":207,"column":58},"end":{"line":207,"column":59}},"loc":{"start":{"line":207,"column":64},"end":{"line":207,"column":67}},"line":207},"34":{"name":"(anonymous_34)","decl":{"start":{"line":216,"column":27},"end":{"line":216,"column":28}},"loc":{"start":{"line":216,"column":33},"end":{"line":220,"column":5}},"line":216},"35":{"name":"(anonymous_35)","decl":{"start":{"line":222,"column":28},"end":{"line":222,"column":29}},"loc":{"start":{"line":222,"column":34},"end":{"line":225,"column":5}},"line":222},"36":{"name":"(anonymous_36)","decl":{"start":{"line":224,"column":32},"end":{"line":224,"column":33}},"loc":{"start":{"line":224,"column":38},"end":{"line":224,"column":87}},"line":224},"37":{"name":"getConnection","decl":{"start":{"line":230,"column":9},"end":{"line":230,"column":22}},"loc":{"start":{"line":230,"column":25},"end":{"line":232,"column":1}},"line":230}},"branchMap":{"0":{"loc":{"start":{"line":2,"column":22},"end":{"line":4,"column":1}},"type":"binary-expr","locations":[{"start":{"line":2,"column":23},"end":{"line":2,"column":27}},{"start":{"line":2,"column":31},"end":{"line":2,"column":51}},{"start":{"line":2,"column":56},"end":{"line":4,"column":1}}],"line":2},"1":{"loc":{"start":{"line":3,"column":11},"end":{"line":3,"column":61}},"type":"cond-expr","locations":[{"start":{"line":3,"column":37},"end":{"line":3,"column":40}},{"start":{"line":3,"column":43},"end":{"line":3,"column":61}}],"line":3},"2":{"loc":{"start":{"line":3,"column":12},"end":{"line":3,"column":33}},"type":"binary-expr","locations":[{"start":{"line":3,"column":12},"end":{"line":3,"column":15}},{"start":{"line":3,"column":19},"end":{"line":3,"column":33}}],"line":3},"3":{"loc":{"start":{"line":19,"column":33},"end":{"line":19,"column":53}},"type":"default-arg","locations":[{"start":{"line":19,"column":44},"end":{"line":19,"column":53}}],"line":19},"4":{"loc":{"start":{"line":19,"column":55},"end":{"line":19,"column":80}},"type":"default-arg","locations":[{"start":{"line":19,"column":71},"end":{"line":19,"column":80}}],"line":19},"5":{"loc":{"start":{"line":21,"column":8},"end":{"line":48,"column":9}},"type":"if","locations":[{"start":{"line":21,"column":8},"end":{"line":48,"column":9}},{"start":{"line":21,"column":8},"end":{"line":48,"column":9}}],"line":21},"6":{"loc":{"start":{"line":26,"column":13},"end":{"line":48,"column":9}},"type":"if","locations":[{"start":{"line":26,"column":13},"end":{"line":48,"column":9}},{"start":{"line":26,"column":13},"end":{"line":48,"column":9}}],"line":26},"7":{"loc":{"start":{"line":35,"column":16},"end":{"line":43,"column":17}},"type":"if","locations":[{"start":{"line":35,"column":16},"end":{"line":43,"column":17}},{"start":{"line":35,"column":16},"end":{"line":43,"column":17}}],"line":35},"8":{"loc":{"start":{"line":52,"column":34},"end":{"line":52,"column":54}},"type":"default-arg","locations":[{"start":{"line":52,"column":45},"end":{"line":52,"column":54}}],"line":52},"9":{"loc":{"start":{"line":52,"column":56},"end":{"line":52,"column":81}},"type":"default-arg","locations":[{"start":{"line":52,"column":72},"end":{"line":52,"column":81}}],"line":52},"10":{"loc":{"start":{"line":54,"column":8},"end":{"line":83,"column":9}},"type":"if","locations":[{"start":{"line":54,"column":8},"end":{"line":83,"column":9}},{"start":{"line":54,"column":8},"end":{"line":83,"column":9}}],"line":54},"11":{"loc":{"start":{"line":59,"column":13},"end":{"line":83,"column":9}},"type":"if","locations":[{"start":{"line":59,"column":13},"end":{"line":83,"column":9}},{"start":{"line":59,"column":13},"end":{"line":83,"column":9}}],"line":59},"12":{"loc":{"start":{"line":70,"column":16},"end":{"line":78,"column":17}},"type":"if","locations":[{"start":{"line":70,"column":16},"end":{"line":78,"column":17}},{"start":{"line":70,"column":16},"end":{"line":78,"column":17}}],"line":70},"13":{"loc":{"start":{"line":88,"column":37},"end":{"line":88,"column":57}},"type":"default-arg","locations":[{"start":{"line":88,"column":48},"end":{"line":88,"column":57}}],"line":88},"14":{"loc":{"start":{"line":88,"column":59},"end":{"line":88,"column":84}},"type":"default-arg","locations":[{"start":{"line":88,"column":75},"end":{"line":88,"column":84}}],"line":88},"15":{"loc":{"start":{"line":90,"column":8},"end":{"line":122,"column":9}},"type":"if","locations":[{"start":{"line":90,"column":8},"end":{"line":122,"column":9}},{"start":{"line":90,"column":8},"end":{"line":122,"column":9}}],"line":90},"16":{"loc":{"start":{"line":95,"column":13},"end":{"line":122,"column":9}},"type":"if","locations":[{"start":{"line":95,"column":13},"end":{"line":122,"column":9}},{"start":{"line":95,"column":13},"end":{"line":122,"column":9}}],"line":95},"17":{"loc":{"start":{"line":99,"column":16},"end":{"line":117,"column":17}},"type":"if","locations":[{"start":{"line":99,"column":16},"end":{"line":117,"column":17}},{"start":{"line":99,"column":16},"end":{"line":117,"column":17}}],"line":99},"18":{"loc":{"start":{"line":107,"column":24},"end":{"line":115,"column":25}},"type":"if","locations":[{"start":{"line":107,"column":24},"end":{"line":115,"column":25}},{"start":{"line":107,"column":24},"end":{"line":115,"column":25}}],"line":107},"19":{"loc":{"start":{"line":127,"column":33},"end":{"line":127,"column":53}},"type":"default-arg","locations":[{"start":{"line":127,"column":44},"end":{"line":127,"column":53}}],"line":127},"20":{"loc":{"start":{"line":127,"column":55},"end":{"line":127,"column":80}},"type":"default-arg","locations":[{"start":{"line":127,"column":71},"end":{"line":127,"column":80}}],"line":127},"21":{"loc":{"start":{"line":142,"column":60},"end":{"line":142,"column":80}},"type":"default-arg","locations":[{"start":{"line":142,"column":71},"end":{"line":142,"column":80}}],"line":142},"22":{"loc":{"start":{"line":142,"column":82},"end":{"line":142,"column":107}},"type":"default-arg","locations":[{"start":{"line":142,"column":98},"end":{"line":142,"column":107}}],"line":142},"23":{"loc":{"start":{"line":146,"column":4},"end":{"line":148,"column":5}},"type":"if","locations":[{"start":{"line":146,"column":4},"end":{"line":148,"column":5}},{"start":{"line":146,"column":4},"end":{"line":148,"column":5}}],"line":146},"24":{"loc":{"start":{"line":146,"column":8},"end":{"line":146,"column":58}},"type":"binary-expr","locations":[{"start":{"line":146,"column":8},"end":{"line":146,"column":31}},{"start":{"line":146,"column":35},"end":{"line":146,"column":58}}],"line":146},"25":{"loc":{"start":{"line":151,"column":8},"end":{"line":169,"column":9}},"type":"if","locations":[{"start":{"line":151,"column":8},"end":{"line":169,"column":9}},{"start":{"line":151,"column":8},"end":{"line":169,"column":9}}],"line":151},"26":{"loc":{"start":{"line":153,"column":12},"end":{"line":155,"column":13}},"type":"if","locations":[{"start":{"line":153,"column":12},"end":{"line":155,"column":13}},{"start":{"line":153,"column":12},"end":{"line":155,"column":13}}],"line":153},"27":{"loc":{"start":{"line":158,"column":12},"end":{"line":163,"column":13}},"type":"if","locations":[{"start":{"line":158,"column":12},"end":{"line":163,"column":13}},{"start":{"line":158,"column":12},"end":{"line":163,"column":13}}],"line":158},"28":{"loc":{"start":{"line":177,"column":34},"end":{"line":177,"column":54}},"type":"default-arg","locations":[{"start":{"line":177,"column":45},"end":{"line":177,"column":54}}],"line":177},"29":{"loc":{"start":{"line":177,"column":56},"end":{"line":177,"column":81}},"type":"default-arg","locations":[{"start":{"line":177,"column":72},"end":{"line":177,"column":81}}],"line":177},"30":{"loc":{"start":{"line":179,"column":8},"end":{"line":201,"column":9}},"type":"if","locations":[{"start":{"line":179,"column":8},"end":{"line":201,"column":9}},{"start":{"line":179,"column":8},"end":{"line":201,"column":9}}],"line":179},"31":{"loc":{"start":{"line":183,"column":13},"end":{"line":201,"column":9}},"type":"if","locations":[{"start":{"line":183,"column":13},"end":{"line":201,"column":9}},{"start":{"line":183,"column":13},"end":{"line":201,"column":9}}],"line":183},"32":{"loc":{"start":{"line":186,"column":12},"end":{"line":196,"column":13}},"type":"if","locations":[{"start":{"line":186,"column":12},"end":{"line":196,"column":13}},{"start":{"line":186,"column":12},"end":{"line":196,"column":13}}],"line":186},"33":{"loc":{"start":{"line":191,"column":17},"end":{"line":196,"column":13}},"type":"if","locations":[{"start":{"line":191,"column":17},"end":{"line":196,"column":13}},{"start":{"line":191,"column":17},"end":{"line":196,"column":13}}],"line":191},"34":{"loc":{"start":{"line":207,"column":20},"end":{"line":207,"column":40}},"type":"default-arg","locations":[{"start":{"line":207,"column":31},"end":{"line":207,"column":40}}],"line":207},"35":{"loc":{"start":{"line":207,"column":42},"end":{"line":207,"column":67}},"type":"default-arg","locations":[{"start":{"line":207,"column":58},"end":{"line":207,"column":67}}],"line":207},"36":{"loc":{"start":{"line":209,"column":4},"end":{"line":212,"column":5}},"type":"if","locations":[{"start":{"line":209,"column":4},"end":{"line":212,"column":5}},{"start":{"line":209,"column":4},"end":{"line":212,"column":5}}],"line":209},"37":{"loc":{"start":{"line":209,"column":8},"end":{"line":209,"column":58}},"type":"binary-expr","locations":[{"start":{"line":209,"column":8},"end":{"line":209,"column":31}},{"start":{"line":209,"column":35},"end":{"line":209,"column":58}}],"line":209}},"s":{"0":1,"1":4,"2":1,"3":1,"4":1,"5":1,"6":1,"7":1,"8":1,"9":1,"10":1,"11":1,"12":1,"13":1,"14":0,"15":0,"16":0,"17":0,"18":0,"19":0,"20":0,"21":0,"22":0,"23":0,"24":0,"25":0,"26":0,"27":0,"28":0,"29":0,"30":0,"31":0,"32":0,"33":0,"34":0,"35":0,"36":0,"37":0,"38":0,"39":0,"40":0,"41":0,"42":0,"43":0,"44":0,"45":0,"46":0,"47":0,"48":0,"49":0,"50":0,"51":0,"52":0,"53":0,"54":0,"55":0,"56":0,"57":0,"58":0,"59":0,"60":0,"61":0,"62":0,"63":0,"64":0,"65":0,"66":0,"67":0,"68":0,"69":0,"70":0,"71":0,"72":0,"73":1,"74":0,"75":0,"76":0,"77":0,"78":0,"79":0,"80":0,"81":0,"82":0,"83":0,"84":0,"85":0,"86":0,"87":0,"88":0,"89":0,"90":0,"91":0,"92":0,"93":0,"94":0,"95":0,"96":0,"97":0,"98":0,"99":0,"100":0,"101":0,"102":0,"103":0,"104":0,"105":0,"106":0,"107":0,"108":0,"109":0,"110":0,"111":0,"112":1,"113":0,"114":0,"115":0,"116":0,"117":0,"118":0,"119":0,"120":0,"121":0,"122":0,"123":0,"124":0,"125":0,"126":0,"127":1,"128":0,"129":1,"130":1},"f":{"0":4,"1":0,"2":0,"3":0,"4":0,"5":0,"6":0,"7":0,"8":0,"9":0,"10":0,"11":0,"12":0,"13":0,"14":0,"15":0,"16":0,"17":0,"18":0,"19":0,"20":0,"21":0,"22":0,"23":0,"24":0,"25":0,"26":0,"27":0,"28":0,"29":0,"30":0,"31":0,"32":0,"33":0,"34":0,"35":0,"36":0,"37":0},"b":{"0":[1,1,1],"1":[3,1],"2":[4,4],"3":[0],"4":[0],"5":[0,0],"6":[0,0],"7":[0,0],"8":[0],"9":[0],"10":[0,0],"11":[0,0],"12":[0,0],"13":[0],"14":[0],"15":[0,0],"16":[0,0],"17":[0,0],"18":[0,0],"19":[0],"20":[0],"21":[0],"22":[0],"23":[0,0],"24":[0,0],"25":[0,0],"26":[0,0],"27":[0,0],"28":[0],"29":[0],"30":[0,0],"31":[0,0],"32":[0,0],"33":[0,0],"34":[0],"35":[0],"36":[0,0],"37":[0,0]},"inputSourceMap":{"version":3,"file":"/Users/jsthomas1288/Code/GovCIO/mdl-web-app/database/database.ts","sources":["/Users/jsthomas1288/Code/GovCIO/mdl-web-app/database/database.ts"],"names":[],"mappings":";;;;;;AAAA,iDAAoC;AACpC,wDAAmD;AACnD,sCAMkB;AAClB,gDAAmD;AACnD,iEAAgF;AAChF,qEAA2C;AAC3C,2EAAiD;AACjD,qEAA2C;AAE9B,QAAA,cAAc,GAAW,cAAc,CAAA;AAEpD,MAAM,SAAS,GAAW,oBAAoB,CAAA;AAE9C,IAAI,UAA+B,CAAA;AAEnC,2CAA2C;AAC3C,SAAS,uBAAuB,CAC9B,WAAuB,GAAG,EAAE,GAAE,CAAC,EAC/B,gBAAwC,GAAG,EAAE,GAAE,CAAC;IAEhD,oBAAS,CAAC,OAAO,CAAC,EAAE,MAAM,EAAE,SAAS,EAAE,CAAC,CAAC,IAAI,CAAC,CAAC,KAAY,EAAE,IAAS,EAAE,EAAE;QACxE,IAAI,KAAK,KAAK,IAAI,EAAE;YAClB,wBAAc,CAAC,KAAK,CAAC,4CAA4C,CAAC,CAAA;YAClE,wBAAc,CAAC,KAAK,CAAC,KAAK,CAAC,CAAA;YAC3B,aAAa,CAAC,KAAK,CAAC,CAAA;SACrB;aAAM,IAAI,IAAI,KAAK,IAAI,EAAE;YACxB,wBAAc,CAAC,IAAI,CAAC,iBAAiB,CAAC,CAAA;YACtC,wBAAc,CAAC,IAAI,CAAC,kBAAkB,CAAC,CAAA;YAEvC,MAAM,QAAQ,GAAG;gBACf,MAAM,EAAE,SAAS;gBACjB,iBAAiB,EAAE,4BAAmB;aACvC,CAAA;YAED,yBAAyB;YACzB,oBAAS,CAAC,MAAM,CAAC,QAAQ,EAAE,CAAC,KAAY,EAAE,IAAS,EAAE,EAAE;gBACrD,IAAI,KAAK,EAAE;oBACT,wBAAc,CAAC,KAAK,CAClB,yDAAyD,CAC1D,CAAA;oBACD,wBAAc,CAAC,KAAK,CAAC,KAAK,CAAC,CAAA;oBAC3B,aAAa,CAAC,KAAK,CAAC,CAAA;iBACrB;qBAAM;oBACL,wBAAc,CAAC,IAAI,CAAC,sBAAsB,EAAE,IAAI,CAAC,MAAM,CAAC,CAAA;oBACxD,QAAQ,EAAE,CAAA;iBACX;YACH,CAAC,CAAC,CAAA;SACH;aAAM;YACL,QAAQ,EAAE,CAAA;SACX;IACH,CAAC,CAAC,CAAA;AACJ,CAAC;AAED,0CAA0C;AAC1C,SAAS,wBAAwB,CAC/B,WAAuB,GAAG,EAAE,GAAE,CAAC,EAC/B,gBAAwC,GAAG,EAAE,GAAE,CAAC;IAEhD,oBAAS,CAAC,OAAO,CAAC,EAAE,MAAM,EAAE,OAAO,EAAE,CAAC,CAAC,IAAI,CAAC,CAAC,KAAY,EAAE,IAAS,EAAE,EAAE;QACtE,IAAI,KAAK,KAAK,IAAI,EAAE;YAClB,wBAAc,CAAC,KAAK,CAAC,gDAAgD,CAAC,CAAA;YACtE,wBAAc,CAAC,KAAK,CAAC,KAAK,CAAC,CAAA;YAC3B,aAAa,CAAC,KAAK,CAAC,CAAA;SACrB;aAAM,IAAI,IAAI,KAAK,IAAI,EAAE;YACxB,wBAAc,CAAC,IAAI,CAAC,uBAAuB,CAAC,CAAA;YAC5C,wBAAc,CAAC,IAAI,CAAC,wBAAwB,CAAC,CAAA;YAE7C,MAAM,aAAa,GAAG;gBACpB,MAAM,EAAE,OAAO;gBACf,SAAS,EAAE,KAAK;gBAChB,QAAQ,EAAE,KAAK;gBACf,QAAQ,EAAE,UAAU;aACrB,CAAA;YAED,wBAAwB;YACxB,oBAAS,CAAC,MAAM,CAAC,aAAa,EAAE,CAAC,KAAY,EAAE,SAAc,EAAE,EAAE;gBAC/D,IAAI,KAAK,EAAE;oBACT,wBAAc,CAAC,KAAK,CAAC,8BAA8B,CAAC,CAAA;oBACpD,wBAAc,CAAC,KAAK,CAAC,KAAK,CAAC,CAAA;oBAC3B,aAAa,CAAC,KAAK,CAAC,CAAA;iBACrB;qBAAM;oBACL,wBAAc,CAAC,IAAI,CAAC,qBAAqB,EAAE,SAAS,CAAC,MAAM,CAAC,CAAA;oBAC5D,QAAQ,EAAE,CAAA;iBACX;YACH,CAAC,CAAC,CAAA;SACH;aAAM;YACL,QAAQ,EAAE,CAAA;SACX;IACH,CAAC,CAAC,CAAA;AACJ,CAAC;AAED,qCAAqC;AACrC,eAAe;AACf,SAAS,2BAA2B,CAClC,WAAuB,GAAG,EAAE,GAAE,CAAC,EAC/B,gBAAwC,GAAG,EAAE,GAAE,CAAC;IAEhD,uBAAY,CAAC,IAAI,CAAC,EAAE,CAAC,CAAC,IAAI,CAAC,CAAC,KAAY,EAAE,QAAa,EAAE,EAAE;QACzD,IAAI,KAAK,KAAK,IAAI,EAAE;YAClB,wBAAc,CAAC,KAAK,CAAC,gDAAgD,CAAC,CAAA;YACtE,wBAAc,CAAC,KAAK,CAAC,KAAK,CAAC,CAAA;YAC3B,aAAa,CAAC,KAAK,CAAC,CAAA;SACrB;aAAM,IAAI,QAAQ,CAAC,MAAM,KAAK,CAAC,EAAE;YAChC,wBAAc,CAAC,IAAI,CAAC,yBAAyB,CAAC,CAAA;YAC9C,wBAAc,CAAC,IAAI,CAAC,2BAA2B,CAAC,CAAA;YAEhD,uBAAY,CAAC,MAAM,CAAC,wCAAiB,EAAE,CAAC,KAAY,EAAE,OAAY,EAAE,EAAE;gBACpE,IAAI,KAAK,EAAE;oBACT,wBAAc,CAAC,KAAK,CAAC,oBAAoB,wCAAiB,CAAC,IAAI,GAAG,CAAC,CAAA;oBACnE,wBAAc,CAAC,KAAK,CAAC,KAAK,CAAC,CAAA;oBAC3B,aAAa,CAAC,KAAK,CAAC,CAAA;iBACrB;qBAAM;oBACL,wBAAc,CAAC,IAAI,CAAC,GAAG,OAAO,CAAC,IAAI,oBAAoB,CAAC,CAAA;oBAExD,uBAAY,CAAC,MAAM,CACjB,2CAAoB,EACpB,CAAC,KAAY,EAAE,OAAY,EAAE,EAAE;wBAC7B,IAAI,KAAK,EAAE;4BACT,wBAAc,CAAC,KAAK,CAClB,oBAAoB,2CAAoB,CAAC,IAAI,GAAG,CACjD,CAAA;4BACD,wBAAc,CAAC,KAAK,CAAC,KAAK,CAAC,CAAA;4BAC3B,aAAa,CAAC,KAAK,CAAC,CAAA;yBACrB;6BAAM;4BACL,wBAAc,CAAC,IAAI,CAAC,GAAG,OAAO,CAAC,IAAI,oBAAoB,CAAC,CAAA;4BACxD,QAAQ,EAAE,CAAA;yBACX;oBACH,CAAC,CACF,CAAA;iBACF;YACH,CAAC,CAAC,CAAA;SACH;aAAM;YACL,QAAQ,EAAE,CAAA;SACX;IACH,CAAC,CAAC,CAAA;AACJ,CAAC;AAED,yCAAyC;AACzC,4CAA4C;AAC5C,SAAgB,uBAAuB,CACrC,WAAuB,GAAG,EAAE,GAAE,CAAC,EAC/B,gBAAwC,GAAG,EAAE,GAAE,CAAC;IAEhD,uBAAuB,CAAC,GAAG,EAAE,CAC3B,wBAAwB,CAAC,GAAG,EAAE,CAAC,2BAA2B,CAAC,QAAQ,CAAC,CAAC,CACtE,CAAA;AACH,CAAC;AAPD,0DAOC;AAED,uCAAuC;AACvC,0BAA0B;AAC1B,SAAS,gBAAgB,CAAC,WAAmB;IAC3C,IAAI,gBAAgB,GAAW,GAAG,WAAW,EAAE,CAAA;IAE/C,OAAO,gBAAgB,CAAC,MAAM,GAAG,CAAC,EAAE;QAClC,gBAAgB,GAAG,GAAG,GAAG,gBAAgB,CAAA;KAC1C;IAED,OAAO,GAAG,SAAS,SAAS,gBAAgB,KAAK,CAAA;AACnD,CAAC;AAED,2CAA2C;AAC3C,uBAAuB;AACvB,SAAS,WAAW,CAClB,kBAA0B,EAC1B,iBAAyB,EACzB,WAAuB,GAAG,EAAE,GAAE,CAAC,EAC/B,gBAAwC,GAAG,EAAE,GAAE,CAAC;IAEhD,IAAI,eAAe,GAAW,kBAAkB,GAAG,CAAC,CAAA;IACpD,IAAI,SAAS,GAAW,gBAAgB,CAAC,eAAe,CAAC,CAAA;IACzD,IAAI,OAAO,GAAW,kBAAkB,mBAAU,WAAW,mBAAU,WAAW,SAAS,EAAE,CAAA;IAE7F,IAAI,uBAAc,IAAI,uBAAc,EAAE;QACpC,OAAO,IAAI,eAAe,uBAAc,eAAe,uBAAc,+BAA+B,CAAA;KACrG;IAED,wBAAc,CAAC,IAAI,CAAC,kCAAkC,eAAe,EAAE,CAAC,CAAA;IAExE,IAAA,oBAAI,EAAC,OAAO,EAAE,CAAC,KAAK,EAAE,MAAM,EAAE,MAAM,EAAE,EAAE;QACtC,IAAI,CAAC,KAAK,EAAE;YACV,IAAI,WAAW,GAAkB,MAAM,CAAC,KAAK,CAC3C,iBAAiB,SAAS,EAAE,CAC7B,CAAA;YAED,IAAI,WAAW,CAAC,MAAM,GAAG,CAAC,EAAE;gBAC1B,MAAM,GAAG,WAAW,CAAC,CAAC,CAAC,CAAA;aACxB;YAED,wBAAc,CAAC,IAAI,CAAC,MAAM,CAAC,CAAA;YAC3B,wBAAc,CAAC,IAAI,CACjB,2CAA2C,eAAe,EAAE,CAC7D,CAAA;YAED,IAAI,eAAe,GAAG,iBAAiB,EAAE;gBACvC,WAAW,CAAC,eAAe,EAAE,iBAAiB,EAAE,QAAQ,EAAE,aAAa,CAAC,CAAA;aACzE;iBAAM;gBACL,QAAQ,EAAE,CAAA;aACX;SACF;aAAM;YACL,wBAAc,CAAC,KAAK,CAAC,iCAAiC,eAAe,EAAE,CAAC,CAAA;YACxE,wBAAc,CAAC,KAAK,CAAC,KAAK,CAAC,CAAA;YAC3B,aAAa,CAAC,KAAK,CAAC,CAAA;SACrB;IACH,CAAC,CAAC,CAAA;AACJ,CAAC;AAED,+CAA+C;AAC/C,8CAA8C;AAC9C,kDAAkD;AAClD,+CAA+C;AAC/C,sBAAsB;AACtB,SAAgB,wBAAwB,CACtC,WAAuB,GAAG,EAAE,GAAE,CAAC,EAC/B,gBAAwC,GAAG,EAAE,GAAE,CAAC;IAEhD,oBAAS,CAAC,OAAO,CAAC,EAAE,MAAM,EAAE,SAAS,EAAE,CAAC,CAAC,IAAI,CAAC,CAAC,KAAY,EAAE,IAAS,EAAE,EAAE;QACxE,IAAI,KAAK,KAAK,IAAI,EAAE;YAClB,wBAAc,CAAC,KAAK,CAAC,oDAAoD,CAAC,CAAA;YAC1E,wBAAc,CAAC,KAAK,CAAC,KAAK,CAAC,CAAA;SAC5B;aAAM,IAAI,IAAI,KAAK,IAAI,EAAE;YACxB,IAAI,kBAAkB,GAAW,IAAI,CAAC,iBAAiB,CAAA;YACvD,IAAI,iBAAiB,GAAW,4BAAmB,CAAA;YAEnD,IAAI,kBAAkB,GAAG,iBAAiB,EAAE;gBAC1C,wBAAc,CAAC,KAAK,CAAC,qCAAqC,CAAC,CAAA;gBAC3D,wBAAc,CAAC,KAAK,CAClB,uEAAuE;oBACrE,8CAA8C,CACjD,CAAA;aACF;iBAAM,IAAI,kBAAkB,GAAG,iBAAiB,EAAE;gBACjD,WAAW,CACT,kBAAkB,EAClB,iBAAiB,EACjB,QAAQ,EACR,aAAa,CACd,CAAA;aACF;iBAAM;gBACL,QAAQ,EAAE,CAAA;aACX;SACF;aAAM;YACL,wBAAc,CAAC,KAAK,CAClB,wDAAwD,CACzD,CAAA;YACD,aAAa,CACX,IAAI,KAAK,CAAC,wDAAwD,CAAC,CACpE,CAAA;SACF;IACH,CAAC,CAAC,CAAA;AACJ,CAAC;AArCD,4DAqCC;AAED,wCAAwC;AACxC,OAAO;AACP,SAAgB,UAAU,CACxB,WAAuB,GAAG,EAAE,GAAE,CAAC,EAC/B,gBAAwC,GAAG,EAAE,GAAE,CAAC;IAEhD,IAAI,cAAc,GAAmB,EAAE,CAAA;IAEvC,IAAI,uBAAc,IAAI,uBAAc,EAAE;QACpC,cAAc,CAAC,IAAI,GAAG,uBAAc,CAAA;QACpC,cAAc,CAAC,IAAI,GAAG,uBAAc,CAAA;KACrC;IAED,kBAAQ,CAAC,OAAO,CAAC,aAAa,mBAAU,IAAI,mBAAU,MAAM,EAAE,cAAc,CAAC,CAAA;IAE7E,UAAU,GAAG,kBAAQ,CAAC,UAAU,CAAA;IAEhC,0BAA0B;IAC1B,UAAU,CAAC,EAAE,CAAC,OAAO,EAAE,GAAG,EAAE;QAC1B,IAAI,KAAK,GAAU,IAAI,KAAK,CAAC,+BAA+B,CAAC,CAAA;QAC7D,wBAAc,CAAC,KAAK,CAAC,KAAK,CAAC,CAAA;QAC3B,aAAa,CAAC,KAAK,CAAC,CAAA;IACtB,CAAC,CAAC,CAAA;IAEF,oDAAoD;IACpD,UAAU,CAAC,IAAI,CAAC,MAAM,EAAE,GAAG,EAAE;QAC3B,wBAAc,CAAC,IAAI,CAAC,wBAAwB,CAAC,CAAA;QAC7C,uBAAuB,CACrB,GAAG,EAAE,CAAC,wBAAwB,CAAC,QAAQ,EAAE,aAAa,CAAC,EACvD,aAAa,CACd,CAAA;IACH,CAAC,CAAC,CAAA;AACJ,CAAC;AA9BD,gCA8BC;AAED,yCAAyC;AACzC,sCAAsC;AACtC,SAAgB,aAAa;IAC3B,OAAO,UAAU,CAAA;AACnB,CAAC;AAFD,sCAEC;AAED,kBAAe;IACb,UAAU;IACV,aAAa;CACd,CAAA","sourcesContent":["import { exec } from 'child_process'\nimport mongoose, { ConnectOptions } from 'mongoose'\nimport {\n  MONGO_HOST,\n  MONGO_PASSWORD,\n  MONGO_PORT,\n  MONGO_USERNAME,\n  SCHEMA_BUILD_NUMBER,\n} from '../config'\nimport { databaseLogger } from '../modules/logging'\nimport { attackMissionData, defensiveMissionData } from './initial-mission-data'\nimport InfoModel from './models/model-info'\nimport MissionModel from './models/model-mission'\nimport UserModel from './models/model-user'\n\nexport const ERROR_BAD_DATA: string = 'BadDataError'\n\nconst BUILD_DIR: string = './database/builds/'\n\nlet connection: mongoose.Connection\n\n// Create server info, if it doesn't exist.\nfunction ensureDefaultInfoExists(\n  callback: () => void = () => {},\n  callbackError: (error: Error) => void = () => {},\n): void {\n  InfoModel.findOne({ infoID: 'default' }).exec((error: Error, info: any) => {\n    if (error !== null) {\n      databaseLogger.error('Failed to query database for default info:')\n      databaseLogger.error(error)\n      callbackError(error)\n    } else if (info === null) {\n      databaseLogger.info('Info not found.')\n      databaseLogger.info('Creating info...')\n\n      const infoData = {\n        infoID: 'default',\n        schemaBuildNumber: SCHEMA_BUILD_NUMBER,\n      }\n\n      // Creates and saves info\n      InfoModel.create(infoData, (error: Error, info: any) => {\n        if (error) {\n          databaseLogger.error(\n            'Failed to create and store server info in the database:',\n          )\n          databaseLogger.error(error)\n          callbackError(error)\n        } else {\n          databaseLogger.info('Server info created:', info.infoID)\n          callback()\n        }\n      })\n    } else {\n      callback()\n    }\n  })\n}\n\n// Create admin user, if it doesn't exist.\nfunction ensureDefaultUsersExists(\n  callback: () => void = () => {},\n  callbackError: (error: Error) => void = () => {},\n): void {\n  UserModel.findOne({ userID: 'admin' }).exec((error: Error, user: any) => {\n    if (error !== null) {\n      databaseLogger.error('Failed to query database for the default user:')\n      databaseLogger.error(error)\n      callbackError(error)\n    } else if (user === null) {\n      databaseLogger.info('Admin user not found.')\n      databaseLogger.info('Creating admin user...')\n\n      const adminUserData = {\n        userID: 'admin',\n        firstName: 'N/A',\n        lastName: 'N/A',\n        password: 'temppass',\n      }\n\n      //creates and saves user\n      UserModel.create(adminUserData, (error: Error, adminUser: any) => {\n        if (error) {\n          databaseLogger.error('Failed to create admin user:')\n          databaseLogger.error(error)\n          callbackError(error)\n        } else {\n          databaseLogger.info('Admin user created:', adminUser.userID)\n          callback()\n        }\n      })\n    } else {\n      callback()\n    }\n  })\n}\n\n// Creates multiple missions, if they\n// don't exist.\nfunction ensureDefaultMissionsExists(\n  callback: () => void = () => {},\n  callbackError: (error: Error) => void = () => {},\n): void {\n  MissionModel.find({}).exec((error: Error, missions: any) => {\n    if (error !== null) {\n      databaseLogger.error('Failed to query database for default missions:')\n      databaseLogger.error(error)\n      callbackError(error)\n    } else if (missions.length === 0) {\n      databaseLogger.info('No missions were found.')\n      databaseLogger.info('Creating both missions...')\n\n      MissionModel.create(attackMissionData, (error: Error, mission: any) => {\n        if (error) {\n          databaseLogger.error(`Failed to create ${attackMissionData.name}.`)\n          databaseLogger.error(error)\n          callbackError(error)\n        } else {\n          databaseLogger.info(`${mission.name} has been created.`)\n\n          MissionModel.create(\n            defensiveMissionData,\n            (error: Error, mission: any) => {\n              if (error) {\n                databaseLogger.error(\n                  `Failed to create ${defensiveMissionData.name}.`,\n                )\n                databaseLogger.error(error)\n                callbackError(error)\n              } else {\n                databaseLogger.info(`${mission.name} has been created.`)\n                callback()\n              }\n            },\n          )\n        }\n      })\n    } else {\n      callback()\n    }\n  })\n}\n\n// This will ensure that the data that by\n// default should be in the database exists.\nexport function ensureDefaultDataExists(\n  callback: () => void = () => {},\n  callbackError: (error: Error) => void = () => {},\n): void {\n  ensureDefaultInfoExists(() =>\n    ensureDefaultUsersExists(() => ensureDefaultMissionsExists(callback)),\n  )\n}\n\n// This will generate the file path for\n// the given build number.\nfunction generateFilePath(buildNumber: number) {\n  let buildNumberAsStr: string = `${buildNumber}`\n\n  while (buildNumberAsStr.length < 6) {\n    buildNumberAsStr = '0' + buildNumberAsStr\n  }\n\n  return `${BUILD_DIR}build_${buildNumberAsStr}.js`\n}\n\n// This will build the schema for the given\n// schema build number.\nfunction buildSchema(\n  currentBuildNumber: number,\n  targetBuildNumber: number,\n  callback: () => void = () => {},\n  callbackError: (error: Error) => void = () => {},\n): void {\n  let nextBuildNumber: number = currentBuildNumber + 1\n  let buildPath: string = generateFilePath(nextBuildNumber)\n  let command: string = `mongosh --host ${MONGO_HOST} --port ${MONGO_PORT} --file ${buildPath}`\n\n  if (MONGO_USERNAME && MONGO_PASSWORD) {\n    command += ` --username ${MONGO_USERNAME} --password ${MONGO_PASSWORD} --authenticationDatabase mdl`\n  }\n\n  databaseLogger.info(`Database is migrating to build ${nextBuildNumber}`)\n\n  exec(command, (error, stdout, stderr) => {\n    if (!error) {\n      let stdoutSplit: Array<string> = stdout.split(\n        `Loading file: ${buildPath}`,\n      )\n\n      if (stdoutSplit.length > 1) {\n        stdout = stdoutSplit[1]\n      }\n\n      databaseLogger.info(stdout)\n      databaseLogger.info(\n        `Database successfully migrated to build ${nextBuildNumber}`,\n      )\n\n      if (nextBuildNumber < targetBuildNumber) {\n        buildSchema(nextBuildNumber, targetBuildNumber, callback, callbackError)\n      } else {\n        callback()\n      }\n    } else {\n      databaseLogger.error(`Database failed to migrate to ${nextBuildNumber}`)\n      databaseLogger.error(error)\n      callbackError(error)\n    }\n  })\n}\n\n// This will check to make sure that the schema\n// build number specified in the config is the\n// same as the one stored in the database. If not,\n// the database will be updated until the build\n// number is the same.\nexport function ensureCorrectSchemaBuild(\n  callback: () => void = () => {},\n  callbackError: (error: Error) => void = () => {},\n): void {\n  InfoModel.findOne({ infoID: 'default' }).exec((error: Error, info: any) => {\n    if (error !== null) {\n      databaseLogger.error('Failed to query database for current schema build:')\n      databaseLogger.error(error)\n    } else if (info !== null) {\n      let currentBuildNumber: number = info.schemaBuildNumber\n      let targetBuildNumber: number = SCHEMA_BUILD_NUMBER\n\n      if (currentBuildNumber > targetBuildNumber) {\n        databaseLogger.error('Failed to check for schema updates:')\n        databaseLogger.error(\n          'The current schema build number found in the database was newer than ' +\n            'the target build number found in the config.',\n        )\n      } else if (currentBuildNumber < targetBuildNumber) {\n        buildSchema(\n          currentBuildNumber,\n          targetBuildNumber,\n          callback,\n          callbackError,\n        )\n      } else {\n        callback()\n      }\n    } else {\n      databaseLogger.error(\n        'Failed to check for schema updates. Info data missing.',\n      )\n      callbackError(\n        new Error('Failed to check for schema updates. Info data missing.'),\n      )\n    }\n  })\n}\n\n// This will initialize the database for\n// use.\nexport function initialize(\n  callback: () => void = () => {},\n  callbackError: (error: Error) => void = () => {},\n) {\n  let connectOptions: ConnectOptions = {}\n\n  if (MONGO_USERNAME && MONGO_PASSWORD) {\n    connectOptions.user = MONGO_USERNAME\n    connectOptions.pass = MONGO_PASSWORD\n  }\n\n  mongoose.connect(`mongodb://${MONGO_HOST}:${MONGO_PORT}/mdl`, connectOptions)\n\n  connection = mongoose.connection\n\n  // database error handling\n  connection.on('error', () => {\n    let error: Error = new Error('Failed connection to database')\n    databaseLogger.error(error)\n    callbackError(error)\n  })\n\n  // logs when server succesfully connects to database\n  connection.once('open', () => {\n    databaseLogger.info('Connected to database.')\n    ensureDefaultDataExists(\n      () => ensureCorrectSchemaBuild(callback, callbackError),\n      callbackError,\n    )\n  })\n}\n\n// This will return the global connection\n// variable that is set in initialize.\nexport function getConnection(): mongoose.Connection | null {\n  return connection\n}\n\nexport default {\n  initialize,\n  getConnection,\n}\n"]},"_coverageSchema":"1a1c01bbd47fc00a2c39e90264f33305004495a9","hash":"99b2e01cb56cd5f45257530566c85f2772300cad","contentHash":"de35bf394262292696122a1bb8d623cb2a66a417eb4099ae4dd6ea937b58172c"},"/Users/jsthomas1288/Code/GovCIO/mdl-web-app/config.ts":{"path":"/Users/jsthomas1288/Code/GovCIO/mdl-web-app/config.ts","statementMap":{"0":{"start":{"line":2,"column":22},"end":{"line":4,"column":1}},"1":{"start":{"line":3,"column":4},"end":{"line":3,"column":62}},"2":{"start":{"line":5,"column":0},"end":{"line":5,"column":62}},"3":{"start":{"line":6,"column":0},"end":{"line":6,"column":164}},"4":{"start":{"line":7,"column":18},"end":{"line":7,"column":53}},"5":{"start":{"line":8,"column":26},"end":{"line":8,"column":69}},"6":{"start":{"line":9,"column":15},"end":{"line":9,"column":47}},"7":{"start":{"line":10,"column":13},"end":{"line":10,"column":43}},"8":{"start":{"line":11,"column":21},"end":{"line":11,"column":45}},"9":{"start":{"line":12,"column":13},"end":{"line":12,"column":28}},"10":{"start":{"line":13,"column":24},"end":{"line":13,"column":65}},"11":{"start":{"line":14,"column":19},"end":{"line":14,"column":66}},"12":{"start":{"line":15,"column":21},"end":{"line":15,"column":42}},"13":{"start":{"line":16,"column":18},"end":{"line":16,"column":46}},"14":{"start":{"line":18,"column":0},"end":{"line":18,"column":32}},"15":{"start":{"line":19,"column":0},"end":{"line":19,"column":20}},"16":{"start":{"line":20,"column":0},"end":{"line":20,"column":33}},"17":{"start":{"line":21,"column":0},"end":{"line":21,"column":27}},"18":{"start":{"line":23,"column":0},"end":{"line":43,"column":1}},"19":{"start":{"line":24,"column":26},"end":{"line":24,"column":81}},"20":{"start":{"line":25,"column":4},"end":{"line":25,"column":50}},"21":{"start":{"line":27,"column":4},"end":{"line":29,"column":5}},"22":{"start":{"line":28,"column":8},"end":{"line":28,"column":47}},"23":{"start":{"line":31,"column":4},"end":{"line":33,"column":5}},"24":{"start":{"line":32,"column":8},"end":{"line":32,"column":59}},"25":{"start":{"line":34,"column":4},"end":{"line":36,"column":5}},"26":{"start":{"line":35,"column":8},"end":{"line":35,"column":59}},"27":{"start":{"line":37,"column":4},"end":{"line":39,"column":5}},"28":{"start":{"line":38,"column":8},"end":{"line":38,"column":67}},"29":{"start":{"line":40,"column":4},"end":{"line":42,"column":5}},"30":{"start":{"line":41,"column":8},"end":{"line":41,"column":67}},"31":{"start":{"line":49,"column":4},"end":{"line":49,"column":37}},"32":{"start":{"line":51,"column":4},"end":{"line":78,"column":22}},"33":{"start":{"line":52,"column":8},"end":{"line":52,"column":56}},"34":{"start":{"line":53,"column":8},"end":{"line":56,"column":9}},"35":{"start":{"line":54,"column":12},"end":{"line":54,"column":60}},"36":{"start":{"line":55,"column":12},"end":{"line":55,"column":44}},"37":{"start":{"line":58,"column":8},"end":{"line":58,"column":38}},"38":{"start":{"line":59,"column":8},"end":{"line":59,"column":67}},"39":{"start":{"line":61,"column":8},"end":{"line":61,"column":38}},"40":{"start":{"line":63,"column":8},"end":{"line":63,"column":24}},"41":{"start":{"line":64,"column":8},"end":{"line":64,"column":32}},"42":{"start":{"line":65,"column":8},"end":{"line":72,"column":12}},"43":{"start":{"line":73,"column":8},"end":{"line":73,"column":67}},"44":{"start":{"line":74,"column":8},"end":{"line":74,"column":42}},"45":{"start":{"line":76,"column":8},"end":{"line":76,"column":51}},"46":{"start":{"line":77,"column":8},"end":{"line":77,"column":19}},"47":{"start":{"line":80,"column":0},"end":{"line":80,"column":30}},"48":{"start":{"line":81,"column":23},"end":{"line":85,"column":1}},"49":{"start":{"line":86,"column":0},"end":{"line":86,"column":33}}},"fnMap":{"0":{"name":"(anonymous_0)","decl":{"start":{"line":2,"column":56},"end":{"line":2,"column":57}},"loc":{"start":{"line":2,"column":71},"end":{"line":4,"column":1}},"line":2},"1":{"name":"configure","decl":{"start":{"line":46,"column":9},"end":{"line":46,"column":18}},"loc":{"start":{"line":46,"column":73},"end":{"line":79,"column":1}},"line":46},"2":{"name":"(anonymous_2)","decl":{"start":{"line":46,"column":35},"end":{"line":46,"column":36}},"loc":{"start":{"line":46,"column":41},"end":{"line":46,"column":44}},"line":46},"3":{"name":"(anonymous_3)","decl":{"start":{"line":46,"column":62},"end":{"line":46,"column":63}},"loc":{"start":{"line":46,"column":68},"end":{"line":46,"column":71}},"line":46},"4":{"name":"(anonymous_4)","decl":{"start":{"line":51,"column":34},"end":{"line":51,"column":35}},"loc":{"start":{"line":51,"column":40},"end":{"line":78,"column":5}},"line":51}},"branchMap":{"0":{"loc":{"start":{"line":2,"column":22},"end":{"line":4,"column":1}},"type":"binary-expr","locations":[{"start":{"line":2,"column":23},"end":{"line":2,"column":27}},{"start":{"line":2,"column":31},"end":{"line":2,"column":51}},{"start":{"line":2,"column":56},"end":{"line":4,"column":1}}],"line":2},"1":{"loc":{"start":{"line":3,"column":11},"end":{"line":3,"column":61}},"type":"cond-expr","locations":[{"start":{"line":3,"column":37},"end":{"line":3,"column":40}},{"start":{"line":3,"column":43},"end":{"line":3,"column":61}}],"line":3},"2":{"loc":{"start":{"line":3,"column":12},"end":{"line":3,"column":33}},"type":"binary-expr","locations":[{"start":{"line":3,"column":12},"end":{"line":3,"column":15}},{"start":{"line":3,"column":19},"end":{"line":3,"column":33}}],"line":3},"3":{"loc":{"start":{"line":23,"column":0},"end":{"line":43,"column":1}},"type":"if","locations":[{"start":{"line":23,"column":0},"end":{"line":43,"column":1}},{"start":{"line":23,"column":0},"end":{"line":43,"column":1}}],"line":23},"4":{"loc":{"start":{"line":27,"column":4},"end":{"line":29,"column":5}},"type":"if","locations":[{"start":{"line":27,"column":4},"end":{"line":29,"column":5}},{"start":{"line":27,"column":4},"end":{"line":29,"column":5}}],"line":27},"5":{"loc":{"start":{"line":31,"column":4},"end":{"line":33,"column":5}},"type":"if","locations":[{"start":{"line":31,"column":4},"end":{"line":33,"column":5}},{"start":{"line":31,"column":4},"end":{"line":33,"column":5}}],"line":31},"6":{"loc":{"start":{"line":34,"column":4},"end":{"line":36,"column":5}},"type":"if","locations":[{"start":{"line":34,"column":4},"end":{"line":36,"column":5}},{"start":{"line":34,"column":4},"end":{"line":36,"column":5}}],"line":34},"7":{"loc":{"start":{"line":37,"column":4},"end":{"line":39,"column":5}},"type":"if","locations":[{"start":{"line":37,"column":4},"end":{"line":39,"column":5}},{"start":{"line":37,"column":4},"end":{"line":39,"column":5}}],"line":37},"8":{"loc":{"start":{"line":40,"column":4},"end":{"line":42,"column":5}},"type":"if","locations":[{"start":{"line":40,"column":4},"end":{"line":42,"column":5}},{"start":{"line":40,"column":4},"end":{"line":42,"column":5}}],"line":40},"9":{"loc":{"start":{"line":46,"column":24},"end":{"line":46,"column":44}},"type":"default-arg","locations":[{"start":{"line":46,"column":35},"end":{"line":46,"column":44}}],"line":46},"10":{"loc":{"start":{"line":46,"column":46},"end":{"line":46,"column":71}},"type":"default-arg","locations":[{"start":{"line":46,"column":62},"end":{"line":46,"column":71}}],"line":46},"11":{"loc":{"start":{"line":53,"column":8},"end":{"line":56,"column":9}},"type":"if","locations":[{"start":{"line":53,"column":8},"end":{"line":56,"column":9}},{"start":{"line":53,"column":8},"end":{"line":56,"column":9}}],"line":53}},"s":{"0":1,"1":6,"2":1,"3":1,"4":1,"5":1,"6":1,"7":1,"8":1,"9":1,"10":1,"11":1,"12":1,"13":1,"14":1,"15":1,"16":1,"17":1,"18":1,"19":0,"20":0,"21":0,"22":0,"23":0,"24":0,"25":0,"26":0,"27":0,"28":0,"29":0,"30":0,"31":0,"32":0,"33":0,"34":0,"35":0,"36":0,"37":0,"38":0,"39":0,"40":0,"41":0,"42":0,"43":0,"44":0,"45":0,"46":0,"47":1,"48":1,"49":1},"f":{"0":6,"1":0,"2":0,"3":0,"4":0},"b":{"0":[1,1,1],"1":[1,5],"2":[6,6],"3":[0,1],"4":[0,0],"5":[0,0],"6":[0,0],"7":[0,0],"8":[0,0],"9":[0],"10":[0],"11":[0,0]},"inputSourceMap":{"version":3,"file":"/Users/jsthomas1288/Code/GovCIO/mdl-web-app/config.ts","sources":["/Users/jsthomas1288/Code/GovCIO/mdl-web-app/config.ts"],"names":[],"mappings":";;;;;;AAAA,sDAA0C;AAC1C,sEAAqC;AACrC,gDAAuB;AACvB,4CAAmB;AACnB,MAAM,YAAY,GAAG,OAAO,CAAC,eAAe,CAAC,CAAA;AAC7C,MAAM,IAAI,GAAG,OAAO,CAAC,MAAM,CAAC,CAAA;AAC5B,kEAAsC;AACtC,mEAA0C;AAE1C,2CAAgC;AAChC,+CAAiD;AAQjD,0CAA0C;AAE/B,QAAA,mBAAmB,GAAW,CAAC,CAAA;AAE/B,QAAA,IAAI,GAAW,IAAI,CAAA;AAEnB,QAAA,UAAU,GAAG,WAAW,CAAA;AACxB,QAAA,UAAU,GAAG,KAAK,CAAA;AAI7B,gDAAgD;AAEhD,IAAI,YAAE,CAAC,UAAU,CAAC,oBAAoB,CAAC,EAAE;IACvC,IAAI,eAAe,GAAQ,YAAE,CAAC,YAAY,CAAC,oBAAoB,EAAE,MAAM,CAAC,CAAA;IAExE,eAAe,GAAG,IAAI,CAAC,KAAK,CAAC,eAAe,CAAC,CAAA;IAE7C,gBAAgB;IAChB,IAAI,MAAM,IAAI,eAAe,EAAE;QAC7B,YAAI,GAAG,eAAe,CAAC,MAAM,CAAC,CAAA;KAC/B;IAED,kBAAkB;IAClB,IAAI,YAAY,IAAI,eAAe,EAAE;QACnC,kBAAU,GAAG,eAAe,CAAC,YAAY,CAAC,CAAA;KAC3C;IACD,IAAI,YAAY,IAAI,eAAe,EAAE;QACnC,kBAAU,GAAG,eAAe,CAAC,YAAY,CAAC,CAAA;KAC3C;IACD,IAAI,gBAAgB,IAAI,eAAe,EAAE;QACvC,sBAAc,GAAG,eAAe,CAAC,gBAAgB,CAAC,CAAA;KACnD;IACD,IAAI,gBAAgB,IAAI,eAAe,EAAE;QACvC,sBAAc,GAAG,eAAe,CAAC,gBAAgB,CAAC,CAAA;KACnD;CACF;AAED,sCAAsC;AACtC,WAAW;AACX,SAAgB,SAAS,CACvB,GAAY,EACZ,WAAuB,GAAG,EAAE,GAAE,CAAC,EAC/B,gBAAwC,GAAG,EAAE,GAAE,CAAC;IAEhD,IAAI,UAAsC,CAAA;IAE1C,gBAAgB;IAChB,GAAG,CAAC,GAAG,CAAC,uBAAa,CAAC,CAAA;IAEtB,kBAAkB;IAClB,kBAAQ,CAAC,UAAU,CAAC,GAAG,EAAE;QACvB,UAAU,GAAG,kBAAQ,CAAC,aAAa,EAAE,CAAA;QAErC,IAAI,UAAU,KAAK,IAAI,EAAE;YACvB,OAAO,CAAC,KAAK,CAAC,gCAAgC,CAAC,CAAA;YAC/C,OAAO,gBAAG,CAAC,IAAI,CAAC,CAAC,CAAC,CAAA;SACnB;QAED,iCAAiC;QACjC,GAAG,CAAC,GAAG,CAAC,aAAa,EAAE,KAAK,CAAC,CAAA;QAC7B,GAAG,CAAC,GAAG,CAAC,OAAO,EAAE,cAAI,CAAC,IAAI,CAAC,SAAS,EAAE,QAAQ,CAAC,CAAC,CAAA;QAEhD,eAAe;QACf,GAAG,CAAC,GAAG,CAAC,MAAM,EAAE,YAAI,CAAC,CAAA;QAErB,mCAAmC;QACnC,GAAG,CAAC,GAAG,CAAC,IAAI,EAAE,CAAC,CAAA;QACf,GAAG,CAAC,GAAG,CAAC,YAAY,EAAE,CAAC,CAAA;QACvB,GAAG,CAAC,GAAG,CACL,IAAA,yBAAO,EAAC;YACN,MAAM,EAAE,sCAAsC;YAC9C,MAAM,EAAE,KAAK;YACb,iBAAiB,EAAE,KAAK;YACxB,KAAK,EAAE,uBAAU,CAAC,MAAM,CAAC;gBACvB,MAAM,EAAE,UAAU,CAAC,SAAS,EAAE;aAC/B,CAAC;SACH,CAAC,CACH,CAAA;QACD,GAAG,CAAC,GAAG,CAAC,iBAAO,CAAC,UAAU,CAAC,EAAE,QAAQ,EAAE,KAAK,EAAE,CAAC,CAAC,CAAA;QAChD,GAAG,CAAC,GAAG,CAAC,iBAAO,CAAC,IAAI,EAAE,CAAC,CAAA;QAEvB,gDAAgD;QAChD,GAAG,CAAC,GAAG,CAAC,iBAAO,CAAC,MAAM,CAAC,OAAO,CAAC,CAAC,CAAA;QAEhC,QAAQ,EAAE,CAAA;IACZ,CAAC,EAAE,aAAa,CAAC,CAAA;AACnB,CAAC;AA/CD,8BA+CC;AAED,MAAM,cAAc,GAAG;IACrB,IAAI,EAAJ,YAAI;IACJ,UAAU,EAAV,kBAAU;IACV,SAAS;CACV,CAAA;AAED,kBAAe,cAAc,CAAA","sourcesContent":["import express, { Express } from 'express'\nimport session from 'express-session'\nimport path from 'path'\nimport fs from 'fs'\nconst cookieParser = require('cookie-parser')\nconst cors = require('cors')\nimport MongoStore from 'connect-mongo'\nimport database from './database/database'\nimport mongoose from 'mongoose'\nimport { sys } from 'typescript'\nimport { expressLogger } from './modules/logging'\n\ndeclare module 'express-session' {\n  export interface SessionData {\n    userID: string\n  }\n}\n\n// -- config-variables | default-values --\n\nexport let SCHEMA_BUILD_NUMBER: number = 4\n\nexport let PORT: number = 8080\n\nexport let MONGO_HOST = 'localhost'\nexport let MONGO_PORT = 27017\nexport let MONGO_USERNAME: string | undefined\nexport let MONGO_PASSWORD: string | undefined\n\n// -- config-variables | environment-override --\n\nif (fs.existsSync('./environment.json')) {\n  let environmentData: any = fs.readFileSync('./environment.json', 'utf8')\n\n  environmentData = JSON.parse(environmentData)\n\n  // server config\n  if ('PORT' in environmentData) {\n    PORT = environmentData['PORT']\n  }\n\n  // database config\n  if ('MONGO_HOST' in environmentData) {\n    MONGO_HOST = environmentData['MONGO_HOST']\n  }\n  if ('MONGO_PORT' in environmentData) {\n    MONGO_PORT = environmentData['MONGO_PORT']\n  }\n  if ('MONGO_USERNAME' in environmentData) {\n    MONGO_USERNAME = environmentData['MONGO_USERNAME']\n  }\n  if ('MONGO_PASSWORD' in environmentData) {\n    MONGO_PASSWORD = environmentData['MONGO_PASSWORD']\n  }\n}\n\n// This will configure the express app\n// for use.\nexport function configure(\n  app: Express,\n  callback: () => void = () => {},\n  callbackError: (error: Error) => void = () => {},\n): void {\n  let connection: mongoose.Connection | null\n\n  // Logger setup.\n  app.use(expressLogger)\n\n  // Database setup.\n  database.initialize(() => {\n    connection = database.getConnection()\n\n    if (connection === null) {\n      console.error('Failed to connect to database.')\n      return sys.exit(1)\n    }\n\n    // sets up pug as the view engine\n    app.set('view engine', 'pug')\n    app.set('views', path.join(__dirname, '/views'))\n\n    // set the port\n    app.set('port', PORT)\n\n    // activates third-party middleware\n    app.use(cors())\n    app.use(cookieParser())\n    app.use(\n      session({\n        secret: '3c8V3DoMuJxjoife0asdfasdf023asd9isfd',\n        resave: false,\n        saveUninitialized: false,\n        store: MongoStore.create({\n          client: connection.getClient(),\n        }),\n      }),\n    )\n    app.use(express.urlencoded({ extended: false }))\n    app.use(express.json())\n\n    // links the file path to css and resource files\n    app.use(express.static('build'))\n\n    callback()\n  }, callbackError)\n}\n\nconst defaultExports = {\n  PORT,\n  MONGO_HOST,\n  configure,\n}\n\nexport default defaultExports\n"]},"_coverageSchema":"1a1c01bbd47fc00a2c39e90264f33305004495a9","hash":"7437837fc17b7c5df40c12d681f5790dd11abfab","contentHash":"0ffcc039db45693bde47e173ced240e72ff9bd2f005b8550830c2d21ed8db061"},"/Users/jsthomas1288/Code/GovCIO/mdl-web-app/modules/logging.ts":{"path":"/Users/jsthomas1288/Code/GovCIO/mdl-web-app/modules/logging.ts","statementMap":{"0":{"start":{"line":2,"column":22},"end":{"line":4,"column":1}},"1":{"start":{"line":3,"column":4},"end":{"line":3,"column":62}},"2":{"start":{"line":5,"column":0},"end":{"line":5,"column":62}},"3":{"start":{"line":6,"column":0},"end":{"line":6,"column":56}},"4":{"start":{"line":7,"column":18},"end":{"line":7,"column":53}},"5":{"start":{"line":8,"column":26},"end":{"line":8,"column":69}},"6":{"start":{"line":9,"column":0},"end":{"line":21,"column":3}},"7":{"start":{"line":22,"column":0},"end":{"line":32,"column":3}},"8":{"start":{"line":30,"column":8},"end":{"line":30,"column":21}},"9":{"start":{"line":33,"column":0},"end":{"line":36,"column":2}}},"fnMap":{"0":{"name":"(anonymous_0)","decl":{"start":{"line":2,"column":56},"end":{"line":2,"column":57}},"loc":{"start":{"line":2,"column":71},"end":{"line":4,"column":1}},"line":2},"1":{"name":"(anonymous_1)","decl":{"start":{"line":29,"column":17},"end":{"line":29,"column":18}},"loc":{"start":{"line":29,"column":37},"end":{"line":31,"column":5}},"line":29}},"branchMap":{"0":{"loc":{"start":{"line":2,"column":22},"end":{"line":4,"column":1}},"type":"binary-expr","locations":[{"start":{"line":2,"column":23},"end":{"line":2,"column":27}},{"start":{"line":2,"column":31},"end":{"line":2,"column":51}},{"start":{"line":2,"column":56},"end":{"line":4,"column":1}}],"line":2},"1":{"loc":{"start":{"line":3,"column":11},"end":{"line":3,"column":61}},"type":"cond-expr","locations":[{"start":{"line":3,"column":37},"end":{"line":3,"column":40}},{"start":{"line":3,"column":43},"end":{"line":3,"column":61}}],"line":3},"2":{"loc":{"start":{"line":3,"column":12},"end":{"line":3,"column":33}},"type":"binary-expr","locations":[{"start":{"line":3,"column":12},"end":{"line":3,"column":15}},{"start":{"line":3,"column":19},"end":{"line":3,"column":33}}],"line":3}},"s":{"0":1,"1":2,"2":1,"3":1,"4":1,"5":1,"6":1,"7":1,"8":0,"9":1},"f":{"0":2,"1":0},"b":{"0":[1,1,1],"1":[0,2],"2":[2,2]},"inputSourceMap":{"version":3,"file":"/Users/jsthomas1288/Code/GovCIO/mdl-web-app/modules/logging.ts","sources":["/Users/jsthomas1288/Code/GovCIO/mdl-web-app/modules/logging.ts"],"names":[],"mappings":";;;;;;AAAA,sDAA6B;AAC7B,sEAA4C;AAE/B,QAAA,cAAc,GAAG,iBAAO,CAAC,YAAY,CAAC;IACjD,KAAK,EAAE,MAAM;IACb,MAAM,EAAE,iBAAO,CAAC,MAAM,CAAC,OAAO,CAC5B,iBAAO,CAAC,MAAM,CAAC,IAAI,EAAE,EACrB,iBAAO,CAAC,MAAM,CAAC,MAAM,CAAC,EAAE,KAAK,EAAE,IAAI,EAAE,CAAC,CACvC;IACD,WAAW,EAAE,EAAE,OAAO,EAAE,cAAc,EAAE;IACxC,UAAU,EAAE;QACV,IAAI,iBAAO,CAAC,UAAU,CAAC,IAAI,CAAC;YAC1B,QAAQ,EAAE,2BAA2B;YACrC,KAAK,EAAE,OAAO;YACd,MAAM,EAAE,iBAAO,CAAC,MAAM,CAAC,OAAO,CAC5B,iBAAO,CAAC,MAAM,CAAC,IAAI,EAAE,EACrB,iBAAO,CAAC,MAAM,CAAC,MAAM,CAAC,EAAE,KAAK,EAAE,IAAI,EAAE,CAAC,EACtC,iBAAO,CAAC,MAAM,CAAC,QAAQ,EAAE,EACzB,iBAAO,CAAC,MAAM,CAAC,WAAW,EAAE,CAC7B;SACF,CAAC;QACF,IAAI,iBAAO,CAAC,UAAU,CAAC,IAAI,CAAC,EAAE,QAAQ,EAAE,qBAAqB,EAAE,CAAC;KACjE;CACF,CAAC,CAAA;AAEW,QAAA,aAAa,GAAG,yBAAc,CAAC,MAAM,CAAC;IACjD,UAAU,EAAE,CAAC,IAAI,iBAAO,CAAC,UAAU,CAAC,IAAI,CAAC,EAAE,QAAQ,EAAE,kBAAkB,EAAE,CAAC,CAAC;IAC3E,MAAM,EAAE,iBAAO,CAAC,MAAM,CAAC,OAAO,CAC5B,iBAAO,CAAC,MAAM,CAAC,QAAQ,EAAE,EACzB,iBAAO,CAAC,MAAM,CAAC,IAAI,EAAE,CACtB;IACD,IAAI,EAAE,IAAI;IACV,GAAG,EAAE,iCAAiC;IACtC,aAAa,EAAE,IAAI;IACnB,QAAQ,EAAE,KAAK;IACf,WAAW,EAAE,UAAU,GAAG,EAAE,GAAG;QAC7B,OAAO,KAAK,CAAA;IACd,CAAC,EAAE,8EAA8E;CAClF,CAAC,CAAA;AAEF,kBAAe;IACb,cAAc,EAAd,sBAAc;IACd,aAAa,EAAb,qBAAa;CACd,CAAA","sourcesContent":["import winston from 'winston'\nimport expressWinston from 'express-winston'\n\nexport const databaseLogger = winston.createLogger({\n  level: 'info',\n  format: winston.format.combine(\n    winston.format.json(),\n    winston.format.errors({ stack: true }),\n  ),\n  defaultMeta: { service: 'user-service' },\n  transports: [\n    new winston.transports.File({\n      filename: './logs/database-error.log',\n      level: 'error',\n      format: winston.format.combine(\n        winston.format.json(),\n        winston.format.errors({ stack: true }),\n        winston.format.colorize(),\n        winston.format.prettyPrint(),\n      ),\n    }),\n    new winston.transports.File({ filename: './logs/database.log' }),\n  ],\n})\n\nexport const expressLogger = expressWinston.logger({\n  transports: [new winston.transports.File({ filename: 'logs/express.log' })],\n  format: winston.format.combine(\n    winston.format.colorize(),\n    winston.format.json(),\n  ),\n  meta: true, // optional: control whether you want to log the meta data about the request (default to true)\n  msg: 'HTTP {{req.method}} {{req.url}}', // optional: customize the default logging message. E.g. \"{{res.statusCode}} {{req.method}} {{res.responseTime}}ms {{req.url}}\"\n  expressFormat: true, // Use the default Express/morgan request formatting. Enabling this will override any msg if true. Will only output colors with colorize set to true\n  colorize: false, // Color the text and status code, using the Express/morgan color palette (text: gray, status: default green, 3XX cyan, 4XX yellow, 5XX red).\n  ignoreRoute: function (req, res) {\n    return false\n  }, // optional: allows to skip some log messages based on request and/or response\n})\n\nexport default {\n  databaseLogger,\n  expressLogger,\n}\n"]},"_coverageSchema":"1a1c01bbd47fc00a2c39e90264f33305004495a9","hash":"980768e7a2c4a2f671ac46a75386e35633c6a4ff","contentHash":"df66fb4e6d411e6bd326c5983bfa1e4b0177aac5459f01005807bd220462f74b"},"/Users/jsthomas1288/Code/GovCIO/mdl-web-app/database/initial-mission-data.ts":{"path":"/Users/jsthomas1288/Code/GovCIO/mdl-web-app/database/initial-mission-data.ts","statementMap":{"0":{"start":{"line":3,"column":0},"end":{"line":3,"column":62}},"1":{"start":{"line":4,"column":0},"end":{"line":4,"column":66}},"2":{"start":{"line":5,"column":0},"end":{"line":1919,"column":2}},"3":{"start":{"line":1920,"column":0},"end":{"line":3834,"column":2}},"4":{"start":{"line":3837,"column":4},"end":{"line":3853,"column":5}},"5":{"start":{"line":3838,"column":31},"end":{"line":3840,"column":15}},"6":{"start":{"line":3841,"column":8},"end":{"line":3841,"column":135}},"7":{"start":{"line":3842,"column":8},"end":{"line":3850,"column":9}},"8":{"start":{"line":3843,"column":12},"end":{"line":3843,"column":36}},"9":{"start":{"line":3844,"column":12},"end":{"line":3846,"column":129}},"10":{"start":{"line":3847,"column":12},"end":{"line":3849,"column":131}},"11":{"start":{"line":3851,"column":8},"end":{"line":3851,"column":50}},"12":{"start":{"line":3852,"column":8},"end":{"line":3852,"column":50}},"13":{"start":{"line":3855,"column":0},"end":{"line":3855,"column":49}},"14":{"start":{"line":3856,"column":0},"end":{"line":3856,"column":52}}},"fnMap":{"0":{"name":"migrateMission_000001","decl":{"start":{"line":3836,"column":9},"end":{"line":3836,"column":30}},"loc":{"start":{"line":3836,"column":44},"end":{"line":3854,"column":1}},"line":3836}},"branchMap":{"0":{"loc":{"start":{"line":3838,"column":31},"end":{"line":3840,"column":15}},"type":"cond-expr","locations":[{"start":{"line":3839,"column":14},"end":{"line":3839,"column":38}},{"start":{"line":3840,"column":14},"end":{"line":3840,"column":15}}],"line":3838},"1":{"loc":{"start":{"line":3841,"column":98},"end":{"line":3841,"column":131}},"type":"cond-expr","locations":[{"start":{"line":3841,"column":123},"end":{"line":3841,"column":125}},{"start":{"line":3841,"column":128},"end":{"line":3841,"column":131}}],"line":3841}},"s":{"0":1,"1":1,"2":1,"3":1,"4":2,"5":68,"6":68,"7":68,"8":402,"9":402,"10":402,"11":68,"12":68,"13":1,"14":1},"f":{"0":2},"b":{"0":[32,36],"1":[0,68]},"inputSourceMap":{"version":3,"file":"/Users/jsthomas1288/Code/GovCIO/mdl-web-app/database/initial-mission-data.ts","sources":["/Users/jsthomas1288/Code/GovCIO/mdl-web-app/database/initial-mission-data.ts"],"names":[],"mappings":";AAAA,gBAAgB;;;AAEL,QAAA,iBAAiB,GAAG;IAC7B,IAAI,EAAE,gBAAgB;IACtB,aAAa,EAAE,CAAC;IAChB,IAAI,EAAE,IAAI;IACV,gBAAgB,EAAE,CAAC;IACnB,IAAI,EAAE,cAAc;IACpB,aAAa,EAAE;QACb,CAAC,EAAE;YACD,CAAC,EAAE,EAAE,CAAC,EAAE,EAAE,CAAC,EAAE,EAAE,EAAE,EAAE;YACnB,CAAC,EAAE,EAAE,CAAC,EAAE,EAAE,CAAC,EAAE,EAAE,EAAE,EAAE;YACnB,CAAC,EAAE,EAAE,CAAC,EAAE,EAAE,EAAE,EAAE,EAAE,EAAE,EAAE;YACpB,EAAE,EAAE,EAAE,EAAE,EAAE,EAAE,EAAE,EAAE,EAAE,EAAE,EAAE;SACvB;QACD,EAAE,EAAE;YACF,EAAE,EAAE,EAAE,EAAE,EAAE,EAAE,EAAE,EAAE,EAAE,EAAE,EAAE,EAAE,EAAE,EAAE,EAAE;SAC/B;QACD,EAAE,EAAE;YACF,EAAE,EAAE,EAAE,EAAE,EAAE,EAAE,EAAE,EAAE,EAAE,EAAE,EAAE;YACtB,EAAE,EAAE,EAAE,EAAE,EAAE,EAAE,EAAE;YACd,EAAE,EAAE,EAAE,EAAE,EAAE,EAAE,EAAE;YACd,EAAE,EAAE,EAAE,EAAE,EAAE,EAAE,EAAE,EAAE,EAAE,EAAE,EAAE;SACvB;QACD,EAAE,EAAE;YACF,EAAE,EAAE,EAAE;YACN,EAAE,EAAE,EAAE;YACN,EAAE,EAAE,EAAE;YACN,EAAE,EAAE,EAAE;SACP;KACF;IACD,QAAQ,EAAE;QACR;YACE,MAAM,EAAE,GAAG;YACX,IAAI,EAAE,gBAAgB;YACtB,KAAK,EAAE,OAAO;YACd,gBAAgB,EAAE,EAAE;YACpB,wBAAwB,EAAE,EAAE;YAC5B,wBAAwB,EAAE,EAAE;YAE5B,UAAU,EAAE,KAAK;YACjB,MAAM,EAAE,KAAK;YACb,OAAO,EAAE;gBACP;oBACE,QAAQ,EAAE,sCAAsC;oBAChD,IAAI,EAAE,MAAM;oBACZ,WAAW,EAAE,IAAI;oBACjB,aAAa,EAAE,GAAG;oBAClB,WAAW,EAAE,iBAAiB;iBAC/B;gBACD;oBACE,QAAQ,EAAE,sCAAsC;oBAChD,IAAI,EAAE,SAAS;oBACf,WAAW,EAAE,IAAI;oBACjB,aAAa,EAAE,GAAG;oBAClB,WAAW,EAAE,oBAAoB;iBAClC;gBACD;oBACE,QAAQ,EAAE,sCAAsC;oBAChD,IAAI,EAAE,SAAS;oBACf,WAAW,EAAE,IAAI;oBACjB,aAAa,EAAE,GAAG;oBAClB,WAAW,EAAE,oBAAoB;iBAClC;gBACD;oBACE,QAAQ,EAAE,sCAAsC;oBAChD,IAAI,EAAE,SAAS;oBACf,WAAW,EAAE,IAAI;oBACjB,aAAa,EAAE,GAAG;oBAClB,WAAW,EAAE,oBAAoB;iBAClC;gBACD;oBACE,QAAQ,EAAE,sCAAsC;oBAChD,IAAI,EAAE,YAAY;oBAClB,WAAW,EAAE,IAAI;oBACjB,aAAa,EAAE,GAAG;oBAClB,WAAW,EAAE,uBAAuB;iBACrC;gBACD;oBACE,QAAQ,EAAE,sCAAsC;oBAChD,IAAI,EAAE,SAAS;oBACf,WAAW,EAAE,IAAI;oBACjB,aAAa,EAAE,GAAG;oBAClB,WAAW,EAAE,oBAAoB;iBAClC;aACF;YACD,IAAI,EAAE,CAAC;YACP,IAAI,EAAE,CAAC,CAAC;SACT;QACD;YACE,MAAM,EAAE,GAAG;YACX,IAAI,EAAE,kBAAkB;YACxB,KAAK,EAAE,OAAO;YACd,gBAAgB,EAAE,yCAAyC;YAC3D,wBAAwB,EAAE,6BAA6B;YACvD,wBAAwB,EAAE,0BAA0B;YAEpD,UAAU,EAAE,KAAK;YACjB,MAAM,EAAE,KAAK;YACb,OAAO,EAAE;gBACP;oBACE,QAAQ,EAAE,sCAAsC;oBAChD,IAAI,EAAE,MAAM;oBACZ,WAAW,EAAE,IAAI;oBACjB,aAAa,EAAE,GAAG;oBAClB,WAAW,EAAE,iBAAiB;iBAC/B;gBACD;oBACE,QAAQ,EAAE,sCAAsC;oBAChD,IAAI,EAAE,SAAS;oBACf,WAAW,EAAE,IAAI;oBACjB,aAAa,EAAE,GAAG;oBAClB,WAAW,EAAE,oBAAoB;iBAClC;gBACD;oBACE,QAAQ,EAAE,sCAAsC;oBAChD,IAAI,EAAE,SAAS;oBACf,WAAW,EAAE,IAAI;oBACjB,aAAa,EAAE,GAAG;oBAClB,WAAW,EAAE,oBAAoB;iBAClC;gBACD;oBACE,QAAQ,EAAE,sCAAsC;oBAChD,IAAI,EAAE,SAAS;oBACf,WAAW,EAAE,IAAI;oBACjB,aAAa,EAAE,GAAG;oBAClB,WAAW,EAAE,oBAAoB;iBAClC;gBACD;oBACE,QAAQ,EAAE,sCAAsC;oBAChD,IAAI,EAAE,YAAY;oBAClB,WAAW,EAAE,IAAI;oBACjB,aAAa,EAAE,GAAG;oBAClB,WAAW,EAAE,uBAAuB;iBACrC;gBACD;oBACE,QAAQ,EAAE,sCAAsC;oBAChD,IAAI,EAAE,SAAS;oBACf,WAAW,EAAE,IAAI;oBACjB,aAAa,EAAE,GAAG;oBAClB,WAAW,EAAE,oBAAoB;iBAClC;aACF;YACD,IAAI,EAAE,CAAC;YACP,IAAI,EAAE,CAAC,CAAC;SACT;QACD;YACE,MAAM,EAAE,GAAG;YACX,IAAI,EAAE,mBAAmB;YACzB,KAAK,EAAE,OAAO;YACd,gBAAgB,EAAE,0CAA0C;YAC5D,wBAAwB,EAAE,sCAAsC;YAChE,wBAAwB,EAAE,0CAA0C;YAEpE,UAAU,EAAE,KAAK;YACjB,MAAM,EAAE,KAAK;YACb,OAAO,EAAE;gBACP;oBACE,QAAQ,EAAE,sCAAsC;oBAChD,IAAI,EAAE,MAAM;oBACZ,WAAW,EAAE,IAAI;oBACjB,aAAa,EAAE,GAAG;oBAClB,WAAW,EAAE,iBAAiB;iBAC/B;gBACD;oBACE,QAAQ,EAAE,sCAAsC;oBAChD,IAAI,EAAE,SAAS;oBACf,WAAW,EAAE,IAAI;oBACjB,aAAa,EAAE,GAAG;oBAClB,WAAW,EAAE,oBAAoB;iBAClC;gBACD;oBACE,QAAQ,EAAE,sCAAsC;oBAChD,IAAI,EAAE,SAAS;oBACf,WAAW,EAAE,IAAI;oBACjB,aAAa,EAAE,GAAG;oBAClB,WAAW,EAAE,oBAAoB;iBAClC;gBACD;oBACE,QAAQ,EAAE,sCAAsC;oBAChD,IAAI,EAAE,SAAS;oBACf,WAAW,EAAE,IAAI;oBACjB,aAAa,EAAE,GAAG;oBAClB,WAAW,EAAE,oBAAoB;iBAClC;gBACD;oBACE,QAAQ,EAAE,sCAAsC;oBAChD,IAAI,EAAE,YAAY;oBAClB,WAAW,EAAE,IAAI;oBACjB,aAAa,EAAE,GAAG;oBAClB,WAAW,EAAE,uBAAuB;iBACrC;gBACD;oBACE,QAAQ,EAAE,sCAAsC;oBAChD,IAAI,EAAE,SAAS;oBACf,WAAW,EAAE,IAAI;oBACjB,aAAa,EAAE,GAAG;oBAClB,WAAW,EAAE,oBAAoB;iBAClC;aACF;YACD,IAAI,EAAE,CAAC;YACP,IAAI,EAAE,CAAC,CAAC;SACT;QACD;YACE,MAAM,EAAE,GAAG;YACX,IAAI,EAAE,mBAAmB;YACzB,KAAK,EAAE,OAAO;YACd,gBAAgB,EAAE,0CAA0C;YAC5D,wBAAwB,EAAE,sCAAsC;YAChE,wBAAwB,EAAE,0CAA0C;YAEpE,UAAU,EAAE,KAAK;YACjB,MAAM,EAAE,KAAK;YACb,OAAO,EAAE;gBACP;oBACE,QAAQ,EAAE,sCAAsC;oBAChD,IAAI,EAAE,MAAM;oBACZ,WAAW,EAAE,IAAI;oBACjB,aAAa,EAAE,GAAG;oBAClB,WAAW,EAAE,iBAAiB;iBAC/B;gBACD;oBACE,QAAQ,EAAE,sCAAsC;oBAChD,IAAI,EAAE,SAAS;oBACf,WAAW,EAAE,IAAI;oBACjB,aAAa,EAAE,GAAG;oBAClB,WAAW,EAAE,oBAAoB;iBAClC;gBACD;oBACE,QAAQ,EAAE,sCAAsC;oBAChD,IAAI,EAAE,SAAS;oBACf,WAAW,EAAE,IAAI;oBACjB,aAAa,EAAE,GAAG;oBAClB,WAAW,EAAE,oBAAoB;iBAClC;gBACD;oBACE,QAAQ,EAAE,sCAAsC;oBAChD,IAAI,EAAE,SAAS;oBACf,WAAW,EAAE,IAAI;oBACjB,aAAa,EAAE,GAAG;oBAClB,WAAW,EAAE,oBAAoB;iBAClC;gBACD;oBACE,QAAQ,EAAE,sCAAsC;oBAChD,IAAI,EAAE,YAAY;oBAClB,WAAW,EAAE,IAAI;oBACjB,aAAa,EAAE,GAAG;oBAClB,WAAW,EAAE,uBAAuB;iBACrC;gBACD;oBACE,QAAQ,EAAE,sCAAsC;oBAChD,IAAI,EAAE,SAAS;oBACf,WAAW,EAAE,IAAI;oBACjB,aAAa,EAAE,GAAG;oBAClB,WAAW,EAAE,oBAAoB;iBAClC;aACF;YACD,IAAI,EAAE,CAAC;YACP,IAAI,EAAE,CAAC,CAAC;SACT;QACD;YACE,MAAM,EAAE,IAAI;YACZ,IAAI,EAAE,sBAAsB;YAC5B,KAAK,EAAE,OAAO;YACd,gBAAgB,EAAE,6CAA6C;YAC/D,wBAAwB,EAAE,yCAAyC;YACnE,wBAAwB,EAAE,6CAA6C;YAEvE,UAAU,EAAE,KAAK;YACjB,MAAM,EAAE,KAAK;YACb,OAAO,EAAE;gBACP;oBACE,QAAQ,EAAE,sCAAsC;oBAChD,IAAI,EAAE,MAAM;oBACZ,WAAW,EAAE,IAAI;oBACjB,aAAa,EAAE,GAAG;oBAClB,WAAW,EAAE,iBAAiB;iBAC/B;gBACD;oBACE,QAAQ,EAAE,sCAAsC;oBAChD,IAAI,EAAE,SAAS;oBACf,WAAW,EAAE,IAAI;oBACjB,aAAa,EAAE,GAAG;oBAClB,WAAW,EAAE,oBAAoB;iBAClC;gBACD;oBACE,QAAQ,EAAE,sCAAsC;oBAChD,IAAI,EAAE,SAAS;oBACf,WAAW,EAAE,IAAI;oBACjB,aAAa,EAAE,GAAG;oBAClB,WAAW,EAAE,oBAAoB;iBAClC;gBACD;oBACE,QAAQ,EAAE,sCAAsC;oBAChD,IAAI,EAAE,SAAS;oBACf,WAAW,EAAE,IAAI;oBACjB,aAAa,EAAE,GAAG;oBAClB,WAAW,EAAE,oBAAoB;iBAClC;gBACD;oBACE,QAAQ,EAAE,sCAAsC;oBAChD,IAAI,EAAE,YAAY;oBAClB,WAAW,EAAE,IAAI;oBACjB,aAAa,EAAE,GAAG;oBAClB,WAAW,EAAE,uBAAuB;iBACrC;gBACD;oBACE,QAAQ,EAAE,sCAAsC;oBAChD,IAAI,EAAE,SAAS;oBACf,WAAW,EAAE,IAAI;oBACjB,aAAa,EAAE,GAAG;oBAClB,WAAW,EAAE,oBAAoB;iBAClC;aACF;YACD,IAAI,EAAE,CAAC;YACP,IAAI,EAAE,CAAC,CAAC;SACT;QACD;YACE,MAAM,EAAE,GAAG;YACX,IAAI,EAAE,mBAAmB;YACzB,KAAK,EAAE,OAAO;YACd,gBAAgB,EAAE,0CAA0C;YAC5D,wBAAwB,EAAE,sCAAsC;YAChE,wBAAwB,EAAE,0CAA0C;YAEpE,UAAU,EAAE,KAAK;YACjB,MAAM,EAAE,KAAK;YACb,OAAO,EAAE;gBACP;oBACE,QAAQ,EAAE,sCAAsC;oBAChD,IAAI,EAAE,MAAM;oBACZ,WAAW,EAAE,IAAI;oBACjB,aAAa,EAAE,GAAG;oBAClB,WAAW,EAAE,iBAAiB;iBAC/B;gBACD;oBACE,QAAQ,EAAE,sCAAsC;oBAChD,IAAI,EAAE,SAAS;oBACf,WAAW,EAAE,IAAI;oBACjB,aAAa,EAAE,GAAG;oBAClB,WAAW,EAAE,oBAAoB;iBAClC;gBACD;oBACE,QAAQ,EAAE,sCAAsC;oBAChD,IAAI,EAAE,SAAS;oBACf,WAAW,EAAE,IAAI;oBACjB,aAAa,EAAE,GAAG;oBAClB,WAAW,EAAE,oBAAoB;iBAClC;gBACD;oBACE,QAAQ,EAAE,sCAAsC;oBAChD,IAAI,EAAE,SAAS;oBACf,WAAW,EAAE,IAAI;oBACjB,aAAa,EAAE,GAAG;oBAClB,WAAW,EAAE,oBAAoB;iBAClC;gBACD;oBACE,QAAQ,EAAE,sCAAsC;oBAChD,IAAI,EAAE,YAAY;oBAClB,WAAW,EAAE,IAAI;oBACjB,aAAa,EAAE,GAAG;oBAClB,WAAW,EAAE,uBAAuB;iBACrC;gBACD;oBACE,QAAQ,EAAE,sCAAsC;oBAChD,IAAI,EAAE,SAAS;oBACf,WAAW,EAAE,IAAI;oBACjB,aAAa,EAAE,GAAG;oBAClB,WAAW,EAAE,oBAAoB;iBAClC;aACF;YACD,IAAI,EAAE,CAAC;YACP,IAAI,EAAE,CAAC,CAAC;SACT;QACD;YACE,MAAM,EAAE,GAAG;YACX,IAAI,EAAE,kBAAkB;YACxB,KAAK,EAAE,OAAO;YACd,gBAAgB,EAAE,yCAAyC;YAC3D,wBAAwB,EAAE,qCAAqC;YAC/D,wBAAwB,EAAE,yCAAyC;YAEnE,UAAU,EAAE,KAAK;YACjB,MAAM,EAAE,KAAK;YACb,OAAO,EAAE;gBACP;oBACE,QAAQ,EAAE,sCAAsC;oBAChD,IAAI,EAAE,MAAM;oBACZ,WAAW,EAAE,IAAI;oBACjB,aAAa,EAAE,GAAG;oBAClB,WAAW,EAAE,iBAAiB;iBAC/B;gBACD;oBACE,QAAQ,EAAE,sCAAsC;oBAChD,IAAI,EAAE,SAAS;oBACf,WAAW,EAAE,IAAI;oBACjB,aAAa,EAAE,GAAG;oBAClB,WAAW,EAAE,oBAAoB;iBAClC;gBACD;oBACE,QAAQ,EAAE,sCAAsC;oBAChD,IAAI,EAAE,SAAS;oBACf,WAAW,EAAE,IAAI;oBACjB,aAAa,EAAE,GAAG;oBAClB,WAAW,EAAE,oBAAoB;iBAClC;aACF;YACD,IAAI,EAAE,CAAC;YACP,IAAI,EAAE,CAAC,CAAC;SACT;QACD;YACE,MAAM,EAAE,GAAG;YACX,IAAI,EAAE,kBAAkB;YACxB,KAAK,EAAE,OAAO;YACd,gBAAgB,EAAE,yCAAyC;YAC3D,wBAAwB,EAAE,qCAAqC;YAC/D,wBAAwB,EAAE,yCAAyC;YAEnE,UAAU,EAAE,KAAK;YACjB,MAAM,EAAE,KAAK;YACb,OAAO,EAAE;gBACP;oBACE,QAAQ,EAAE,sCAAsC;oBAChD,IAAI,EAAE,MAAM;oBACZ,WAAW,EAAE,IAAI;oBACjB,aAAa,EAAE,GAAG;oBAClB,WAAW,EAAE,iBAAiB;iBAC/B;gBACD;oBACE,QAAQ,EAAE,sCAAsC;oBAChD,IAAI,EAAE,SAAS;oBACf,WAAW,EAAE,IAAI;oBACjB,aAAa,EAAE,GAAG;oBAClB,WAAW,EAAE,oBAAoB;iBAClC;gBACD;oBACE,QAAQ,EAAE,sCAAsC;oBAChD,IAAI,EAAE,SAAS;oBACf,WAAW,EAAE,IAAI;oBACjB,aAAa,EAAE,GAAG;oBAClB,WAAW,EAAE,oBAAoB;iBAClC;gBACD;oBACE,QAAQ,EAAE,sCAAsC;oBAChD,IAAI,EAAE,SAAS;oBACf,WAAW,EAAE,IAAI;oBACjB,aAAa,EAAE,GAAG;oBAClB,WAAW,EAAE,oBAAoB;iBAClC;gBACD;oBACE,QAAQ,EAAE,sCAAsC;oBAChD,IAAI,EAAE,YAAY;oBAClB,WAAW,EAAE,IAAI;oBACjB,aAAa,EAAE,GAAG;oBAClB,WAAW,EAAE,uBAAuB;iBACrC;gBACD;oBACE,QAAQ,EAAE,sCAAsC;oBAChD,IAAI,EAAE,SAAS;oBACf,WAAW,EAAE,IAAI;oBACjB,aAAa,EAAE,GAAG;oBAClB,WAAW,EAAE,oBAAoB;iBAClC;aACF;YACD,IAAI,EAAE,CAAC;YACP,IAAI,EAAE,CAAC,CAAC;SACT;QACD;YACE,MAAM,EAAE,IAAI;YACZ,IAAI,EAAE,kBAAkB;YACxB,KAAK,EAAE,OAAO;YACd,gBAAgB,EAAE,yCAAyC;YAC3D,wBAAwB,EAAE,qCAAqC;YAC/D,wBAAwB,EAAE,yCAAyC;YAEnE,UAAU,EAAE,KAAK;YACjB,MAAM,EAAE,KAAK;YACb,OAAO,EAAE;gBACP;oBACE,QAAQ,EAAE,sCAAsC;oBAChD,IAAI,EAAE,MAAM;oBACZ,WAAW,EAAE,IAAI;oBACjB,aAAa,EAAE,GAAG;oBAClB,WAAW,EAAE,iBAAiB;iBAC/B;gBACD;oBACE,QAAQ,EAAE,sCAAsC;oBAChD,IAAI,EAAE,SAAS;oBACf,WAAW,EAAE,IAAI;oBACjB,aAAa,EAAE,GAAG;oBAClB,WAAW,EAAE,oBAAoB;iBAClC;gBACD;oBACE,QAAQ,EAAE,sCAAsC;oBAChD,IAAI,EAAE,SAAS;oBACf,WAAW,EAAE,IAAI;oBACjB,aAAa,EAAE,GAAG;oBAClB,WAAW,EAAE,oBAAoB;iBAClC;gBACD;oBACE,QAAQ,EAAE,sCAAsC;oBAChD,IAAI,EAAE,SAAS;oBACf,WAAW,EAAE,IAAI;oBACjB,aAAa,EAAE,GAAG;oBAClB,WAAW,EAAE,oBAAoB;iBAClC;gBACD;oBACE,QAAQ,EAAE,sCAAsC;oBAChD,IAAI,EAAE,YAAY;oBAClB,WAAW,EAAE,IAAI;oBACjB,aAAa,EAAE,GAAG;oBAClB,WAAW,EAAE,uBAAuB;iBACrC;gBACD;oBACE,QAAQ,EAAE,sCAAsC;oBAChD,IAAI,EAAE,SAAS;oBACf,WAAW,EAAE,IAAI;oBACjB,aAAa,EAAE,GAAG;oBAClB,WAAW,EAAE,oBAAoB;iBAClC;aACF;YACD,IAAI,EAAE,CAAC;YACP,IAAI,EAAE,CAAC,CAAC;SACT;QACD;YACE,MAAM,EAAE,GAAG;YACX,IAAI,EAAE,iBAAiB;YACvB,KAAK,EAAE,OAAO;YACd,gBAAgB,EAAE,wCAAwC;YAC1D,wBAAwB,EAAE,oCAAoC;YAC9D,wBAAwB,EAAE,wCAAwC;YAElE,UAAU,EAAE,IAAI;YAChB,MAAM,EAAE,KAAK;YACb,OAAO,EAAE;gBACP;oBACE,QAAQ,EAAE,sCAAsC;oBAChD,IAAI,EAAE,MAAM;oBACZ,WAAW,EAAE,IAAI;oBACjB,aAAa,EAAE,GAAG;oBAClB,WAAW,EAAE,iBAAiB;iBAC/B;gBACD;oBACE,QAAQ,EAAE,sCAAsC;oBAChD,IAAI,EAAE,SAAS;oBACf,WAAW,EAAE,IAAI;oBACjB,aAAa,EAAE,GAAG;oBAClB,WAAW,EAAE,oBAAoB;iBAClC;gBACD;oBACE,QAAQ,EAAE,sCAAsC;oBAChD,IAAI,EAAE,SAAS;oBACf,WAAW,EAAE,IAAI;oBACjB,aAAa,EAAE,GAAG;oBAClB,WAAW,EAAE,oBAAoB;iBAClC;gBACD;oBACE,QAAQ,EAAE,sCAAsC;oBAChD,IAAI,EAAE,SAAS;oBACf,WAAW,EAAE,IAAI;oBACjB,aAAa,EAAE,GAAG;oBAClB,WAAW,EAAE,oBAAoB;iBAClC;gBACD;oBACE,QAAQ,EAAE,sCAAsC;oBAChD,IAAI,EAAE,YAAY;oBAClB,WAAW,EAAE,IAAI;oBACjB,aAAa,EAAE,GAAG;oBAClB,WAAW,EAAE,uBAAuB;iBACrC;gBACD;oBACE,QAAQ,EAAE,sCAAsC;oBAChD,IAAI,EAAE,SAAS;oBACf,WAAW,EAAE,IAAI;oBACjB,aAAa,EAAE,GAAG;oBAClB,WAAW,EAAE,oBAAoB;iBAClC;aACF;YACD,IAAI,EAAE,CAAC;YACP,IAAI,EAAE,CAAC,CAAC;SACT;QACD;YACE,MAAM,EAAE,GAAG;YACX,IAAI,EAAE,aAAa;YACnB,KAAK,EAAE,OAAO;YACd,gBAAgB,EAAE,oCAAoC;YACtD,wBAAwB,EAAE,gCAAgC;YAC1D,wBAAwB,EAAE,oCAAoC;YAE9D,UAAU,EAAE,IAAI;YAChB,MAAM,EAAE,IAAI;YACZ,OAAO,EAAE;gBACP;oBACE,QAAQ,EAAE,sCAAsC;oBAChD,IAAI,EAAE,MAAM;oBACZ,WAAW,EAAE,IAAI;oBACjB,aAAa,EAAE,GAAG;oBAClB,WAAW,EAAE,iBAAiB;iBAC/B;gBACD;oBACE,QAAQ,EAAE,sCAAsC;oBAChD,IAAI,EAAE,SAAS;oBACf,WAAW,EAAE,IAAI;oBACjB,aAAa,EAAE,GAAG;oBAClB,WAAW,EAAE,oBAAoB;iBAClC;gBACD;oBACE,QAAQ,EAAE,sCAAsC;oBAChD,IAAI,EAAE,SAAS;oBACf,WAAW,EAAE,IAAI;oBACjB,aAAa,EAAE,GAAG;oBAClB,WAAW,EAAE,oBAAoB;iBAClC;gBACD;oBACE,QAAQ,EAAE,sCAAsC;oBAChD,IAAI,EAAE,SAAS;oBACf,WAAW,EAAE,IAAI;oBACjB,aAAa,EAAE,GAAG;oBAClB,WAAW,EAAE,oBAAoB;iBAClC;gBACD;oBACE,QAAQ,EAAE,sCAAsC;oBAChD,IAAI,EAAE,YAAY;oBAClB,WAAW,EAAE,IAAI;oBACjB,aAAa,EAAE,GAAG;oBAClB,WAAW,EAAE,uBAAuB;iBACrC;gBACD;oBACE,QAAQ,EAAE,sCAAsC;oBAChD,IAAI,EAAE,SAAS;oBACf,WAAW,EAAE,IAAI;oBACjB,aAAa,EAAE,GAAG;oBAClB,WAAW,EAAE,oBAAoB;iBAClC;aACF;YACD,IAAI,EAAE,CAAC;YACP,IAAI,EAAE,CAAC,CAAC;SACT;QACD;YACE,MAAM,EAAE,IAAI;YACZ,IAAI,EAAE,aAAa;YACnB,KAAK,EAAE,OAAO;YACd,gBAAgB,EAAE,oCAAoC;YACtD,wBAAwB,EAAE,gCAAgC;YAC1D,wBAAwB,EAAE,oCAAoC;YAE9D,UAAU,EAAE,IAAI;YAChB,MAAM,EAAE,KAAK;YACb,OAAO,EAAE;gBACP;oBACE,QAAQ,EAAE,sCAAsC;oBAChD,IAAI,EAAE,MAAM;oBACZ,WAAW,EAAE,IAAI;oBACjB,aAAa,EAAE,GAAG;oBAClB,WAAW,EAAE,iBAAiB;iBAC/B;gBACD;oBACE,QAAQ,EAAE,sCAAsC;oBAChD,IAAI,EAAE,SAAS;oBACf,WAAW,EAAE,IAAI;oBACjB,aAAa,EAAE,GAAG;oBAClB,WAAW,EAAE,oBAAoB;iBAClC;gBACD;oBACE,QAAQ,EAAE,sCAAsC;oBAChD,IAAI,EAAE,SAAS;oBACf,WAAW,EAAE,IAAI;oBACjB,aAAa,EAAE,GAAG;oBAClB,WAAW,EAAE,oBAAoB;iBAClC;gBACD;oBACE,QAAQ,EAAE,sCAAsC;oBAChD,IAAI,EAAE,SAAS;oBACf,WAAW,EAAE,IAAI;oBACjB,aAAa,EAAE,GAAG;oBAClB,WAAW,EAAE,oBAAoB;iBAClC;gBACD;oBACE,QAAQ,EAAE,sCAAsC;oBAChD,IAAI,EAAE,YAAY;oBAClB,WAAW,EAAE,IAAI;oBACjB,aAAa,EAAE,GAAG;oBAClB,WAAW,EAAE,uBAAuB;iBACrC;gBACD;oBACE,QAAQ,EAAE,sCAAsC;oBAChD,IAAI,EAAE,SAAS;oBACf,WAAW,EAAE,IAAI;oBACjB,aAAa,EAAE,GAAG;oBAClB,WAAW,EAAE,oBAAoB;iBAClC;aACF;YACD,IAAI,EAAE,CAAC;YACP,IAAI,EAAE,CAAC,CAAC;SACT;QACD;YACE,MAAM,EAAE,IAAI;YACZ,IAAI,EAAE,aAAa;YACnB,KAAK,EAAE,OAAO;YACd,gBAAgB,EAAE,oCAAoC;YACtD,wBAAwB,EAAE,gCAAgC;YAC1D,wBAAwB,EAAE,oCAAoC;YAE9D,UAAU,EAAE,IAAI;YAChB,MAAM,EAAE,IAAI;YACZ,OAAO,EAAE;gBACP;oBACE,QAAQ,EAAE,sCAAsC;oBAChD,IAAI,EAAE,MAAM;oBACZ,WAAW,EAAE,IAAI;oBACjB,aAAa,EAAE,GAAG;oBAClB,WAAW,EAAE,iBAAiB;iBAC/B;gBACD;oBACE,QAAQ,EAAE,sCAAsC;oBAChD,IAAI,EAAE,SAAS;oBACf,WAAW,EAAE,IAAI;oBACjB,aAAa,EAAE,GAAG;oBAClB,WAAW,EAAE,oBAAoB;iBAClC;gBACD;oBACE,QAAQ,EAAE,sCAAsC;oBAChD,IAAI,EAAE,SAAS;oBACf,WAAW,EAAE,IAAI;oBACjB,aAAa,EAAE,GAAG;oBAClB,WAAW,EAAE,oBAAoB;iBAClC;gBACD;oBACE,QAAQ,EAAE,sCAAsC;oBAChD,IAAI,EAAE,SAAS;oBACf,WAAW,EAAE,IAAI;oBACjB,aAAa,EAAE,GAAG;oBAClB,WAAW,EAAE,oBAAoB;iBAClC;gBACD;oBACE,QAAQ,EAAE,sCAAsC;oBAChD,IAAI,EAAE,YAAY;oBAClB,WAAW,EAAE,IAAI;oBACjB,aAAa,EAAE,GAAG;oBAClB,WAAW,EAAE,uBAAuB;iBACrC;gBACD;oBACE,QAAQ,EAAE,sCAAsC;oBAChD,IAAI,EAAE,SAAS;oBACf,WAAW,EAAE,IAAI;oBACjB,aAAa,EAAE,GAAG;oBAClB,WAAW,EAAE,oBAAoB;iBAClC;aACF;YACD,IAAI,EAAE,CAAC;YACP,IAAI,EAAE,CAAC,CAAC;SACT;QACD;YACE,MAAM,EAAE,IAAI;YACZ,IAAI,EAAE,aAAa;YACnB,KAAK,EAAE,MAAM;YACb,gBAAgB,EAAE,EAAE;YACpB,wBAAwB,EAAE,EAAE;YAC5B,wBAAwB,EAAE,EAAE;YAE5B,UAAU,EAAE,KAAK;YACjB,MAAM,EAAE,KAAK;YACb,OAAO,EAAE;gBACP;oBACE,QAAQ,EAAE,sCAAsC;oBAChD,IAAI,EAAE,MAAM;oBACZ,WAAW,EAAE,IAAI;oBACjB,aAAa,EAAE,GAAG;oBAClB,WAAW,EAAE,iBAAiB;iBAC/B;gBACD;oBACE,QAAQ,EAAE,sCAAsC;oBAChD,IAAI,EAAE,SAAS;oBACf,WAAW,EAAE,IAAI;oBACjB,aAAa,EAAE,GAAG;oBAClB,WAAW,EAAE,oBAAoB;iBAClC;gBACD;oBACE,QAAQ,EAAE,sCAAsC;oBAChD,IAAI,EAAE,SAAS;oBACf,WAAW,EAAE,IAAI;oBACjB,aAAa,EAAE,GAAG;oBAClB,WAAW,EAAE,oBAAoB;iBAClC;gBACD;oBACE,QAAQ,EAAE,sCAAsC;oBAChD,IAAI,EAAE,SAAS;oBACf,WAAW,EAAE,IAAI;oBACjB,aAAa,EAAE,GAAG;oBAClB,WAAW,EAAE,oBAAoB;iBAClC;gBACD;oBACE,QAAQ,EAAE,sCAAsC;oBAChD,IAAI,EAAE,YAAY;oBAClB,WAAW,EAAE,IAAI;oBACjB,aAAa,EAAE,GAAG;oBAClB,WAAW,EAAE,uBAAuB;iBACrC;gBACD;oBACE,QAAQ,EAAE,sCAAsC;oBAChD,IAAI,EAAE,SAAS;oBACf,WAAW,EAAE,IAAI;oBACjB,aAAa,EAAE,GAAG;oBAClB,WAAW,EAAE,oBAAoB;iBAClC;aACF;YACD,IAAI,EAAE,CAAC;YACP,IAAI,EAAE,CAAC,CAAC;SACT;QACD;YACE,MAAM,EAAE,IAAI;YACZ,IAAI,EAAE,cAAc;YACpB,KAAK,EAAE,MAAM;YACb,gBAAgB,EAAE,qCAAqC;YACvD,wBAAwB,EAAE,iCAAiC;YAC3D,wBAAwB,EAAE,qCAAqC;YAE/D,UAAU,EAAE,KAAK;YACjB,MAAM,EAAE,KAAK;YACb,OAAO,EAAE;gBACP;oBACE,QAAQ,EAAE,sCAAsC;oBAChD,IAAI,EAAE,MAAM;oBACZ,WAAW,EAAE,IAAI;oBACjB,aAAa,EAAE,GAAG;oBAClB,WAAW,EAAE,iBAAiB;iBAC/B;gBACD;oBACE,QAAQ,EAAE,sCAAsC;oBAChD,IAAI,EAAE,SAAS;oBACf,WAAW,EAAE,IAAI;oBACjB,aAAa,EAAE,GAAG;oBAClB,WAAW,EAAE,oBAAoB;iBAClC;gBACD;oBACE,QAAQ,EAAE,sCAAsC;oBAChD,IAAI,EAAE,SAAS;oBACf,WAAW,EAAE,IAAI;oBACjB,aAAa,EAAE,GAAG;oBAClB,WAAW,EAAE,oBAAoB;iBAClC;gBACD;oBACE,QAAQ,EAAE,sCAAsC;oBAChD,IAAI,EAAE,SAAS;oBACf,WAAW,EAAE,IAAI;oBACjB,aAAa,EAAE,GAAG;oBAClB,WAAW,EAAE,oBAAoB;iBAClC;gBACD;oBACE,QAAQ,EAAE,sCAAsC;oBAChD,IAAI,EAAE,YAAY;oBAClB,WAAW,EAAE,IAAI;oBACjB,aAAa,EAAE,GAAG;oBAClB,WAAW,EAAE,uBAAuB;iBACrC;gBACD;oBACE,QAAQ,EAAE,sCAAsC;oBAChD,IAAI,EAAE,SAAS;oBACf,WAAW,EAAE,IAAI;oBACjB,aAAa,EAAE,GAAG;oBAClB,WAAW,EAAE,oBAAoB;iBAClC;aACF;YACD,IAAI,EAAE,CAAC;YACP,IAAI,EAAE,CAAC,CAAC;SACT;QACD;YACE,MAAM,EAAE,IAAI;YACZ,IAAI,EAAE,uBAAuB;YAC7B,KAAK,EAAE,MAAM;YACb,gBAAgB,EAAE,8CAA8C;YAChE,wBAAwB,EAAE,0CAA0C;YACpE,wBAAwB,EAAE,8CAA8C;YAExE,UAAU,EAAE,KAAK;YACjB,MAAM,EAAE,KAAK;YACb,OAAO,EAAE;gBACP;o
[...]
64}},"42":{"start":{"line":81,"column":0},"end":{"line":89,"column":3}},"43":{"start":{"line":82,"column":4},"end":{"line":88,"column":7}},"44":{"start":{"line":83,"column":8},"end":{"line":85,"column":9}},"45":{"start":{"line":84,"column":12},"end":{"line":84,"column":31}},"46":{"start":{"line":86,"column":8},"end":{"line":86,"column":29}},"47":{"start":{"line":87,"column":8},"end":{"line":87,"column":15}},"48":{"start":{"line":90,"column":18},"end":{"line":90,"column":62}},"49":{"start":{"line":91,"column":0},"end":{"line":91,"column":28}}},"fnMap":{"0":{"name":"(anonymous_0)","decl":{"start":{"line":2,"column":74},"end":{"line":2,"column":75}},"loc":{"start":{"line":2,"column":96},"end":{"line":9,"column":1}},"line":2},"1":{"name":"(anonymous_1)","decl":{"start":{"line":6,"column":38},"end":{"line":6,"column":39}},"loc":{"start":{"line":6,"column":49},"end":{"line":6,"column":65}},"line":6},"2":{"name":"(anonymous_2)","decl":{"start":{"line":9,"column":6},"end":{"line":9,"column":7}},"loc":{"start":{"line":9,"column":28},"end":{"line":12,"column":1}},"line":9},"3":{"name":"(anonymous_3)","decl":{"start":{"line":13,"column":80},"end":{"line":13,"column":81}},"loc":{"start":{"line":13,"column":95},"end":{"line":15,"column":1}},"line":13},"4":{"name":"(anonymous_4)","decl":{"start":{"line":15,"column":5},"end":{"line":15,"column":6}},"loc":{"start":{"line":15,"column":20},"end":{"line":17,"column":1}},"line":15},"5":{"name":"(anonymous_5)","decl":{"start":{"line":18,"column":50},"end":{"line":18,"column":51}},"loc":{"start":{"line":18,"column":65},"end":{"line":24,"column":1}},"line":18},"6":{"name":"(anonymous_6)","decl":{"start":{"line":25,"column":56},"end":{"line":25,"column":57}},"loc":{"start":{"line":25,"column":71},"end":{"line":27,"column":1}},"line":25},"7":{"name":"(anonymous_7)","decl":{"start":{"line":59,"column":34},"end":{"line":59,"column":35}},"loc":{"start":{"line":59,"column":57},"end":{"line":79,"column":1}},"line":59},"8":{"name":"(anonymous_8)","decl":{"start":{"line":61,"column":60},"end":{"line":61,"column":61}},"loc":{"start":{"line":61,"column":77},"end":{"line":78,"column":5}},"line":61},"9":{"name":"(anonymous_9)","decl":{"start":{"line":69,"column":71},"end":{"line":69,"column":72}},"loc":{"start":{"line":69,"column":88},"end":{"line":77,"column":9}},"line":69},"10":{"name":"(anonymous_10)","decl":{"start":{"line":81,"column":23},"end":{"line":81,"column":24}},"loc":{"start":{"line":81,"column":39},"end":{"line":89,"column":1}},"line":81},"11":{"name":"(anonymous_11)","decl":{"start":{"line":82,"column":45},"end":{"line":82,"column":46}},"loc":{"start":{"line":82,"column":62},"end":{"line":88,"column":5}},"line":82}},"branchMap":{"0":{"loc":{"start":{"line":2,"column":22},"end":{"line":12,"column":3}},"type":"binary-expr","locations":[{"start":{"line":2,"column":23},"end":{"line":2,"column":27}},{"start":{"line":2,"column":31},"end":{"line":2,"column":51}},{"start":{"line":2,"column":57},"end":{"line":12,"column":2}}],"line":2},"1":{"loc":{"start":{"line":2,"column":57},"end":{"line":12,"column":2}},"type":"cond-expr","locations":[{"start":{"line":2,"column":74},"end":{"line":9,"column":1}},{"start":{"line":9,"column":6},"end":{"line":12,"column":1}}],"line":2},"2":{"loc":{"start":{"line":3,"column":4},"end":{"line":3,"column":33}},"type":"if","locations":[{"start":{"line":3,"column":4},"end":{"line":3,"column":33}},{"start":{"line":3,"column":4},"end":{"line":3,"column":33}}],"line":3},"3":{"loc":{"start":{"line":5,"column":4},"end":{"line":7,"column":5}},"type":"if","locations":[{"start":{"line":5,"column":4},"end":{"line":7,"column":5}},{"start":{"line":5,"column":4},"end":{"line":7,"column":5}}],"line":5},"4":{"loc":{"start":{"line":5,"column":8},"end":{"line":5,"column":85}},"type":"binary-expr","locations":[{"start":{"line":5,"column":8},"end":{"line":5,"column":13}},{"start":{"line":5,"column":18},"end":{"line":5,"column":84}}],"line":5},"5":{"loc":{"start":{"line":5,"column":18},"end":{"line":5,"column":84}},"type":"cond-expr","locations":[{"start":{"line":5,"column":34},"end":{"line":5,"column":47}},{"start":{"line":5,"column":50},"end":{"line":5,"column":84}}],"line":5},"6":{"loc":{"start":{"line":5,"column":50},"end":{"line":5,"column":84}},"type":"binary-expr","locations":[{"start":{"line":5,"column":50},"end":{"line":5,"column":63}},{"start":{"line":5,"column":67},"end":{"line":5,"column":84}}],"line":5},"7":{"loc":{"start":{"line":10,"column":4},"end":{"line":10,"column":33}},"type":"if","locations":[{"start":{"line":10,"column":4},"end":{"line":10,"column":33}},{"start":{"line":10,"column":4},"end":{"line":10,"column":33}}],"line":10},"8":{"loc":{"start":{"line":13,"column":25},"end":{"line":17,"column":2}},"type":"binary-expr","locations":[{"start":{"line":13,"column":26},"end":{"line":13,"column":30}},{"start":{"line":13,"column":34},"end":{"line":13,"column":57}},{"start":{"line":13,"column":63},"end":{"line":17,"column":1}}],"line":13},"9":{"loc":{"start":{"line":13,"column":63},"end":{"line":17,"column":1}},"type":"cond-expr","locations":[{"start":{"line":13,"column":80},"end":{"line":15,"column":1}},{"start":{"line":15,"column":5},"end":{"line":17,"column":1}}],"line":13},"10":{"loc":{"start":{"line":18,"column":19},"end":{"line":24,"column":1}},"type":"binary-expr","locations":[{"start":{"line":18,"column":20},"end":{"line":18,"column":24}},{"start":{"line":18,"column":28},"end":{"line":18,"column":45}},{"start":{"line":18,"column":50},"end":{"line":24,"column":1}}],"line":18},"11":{"loc":{"start":{"line":19,"column":4},"end":{"line":19,"column":42}},"type":"if","locations":[{"start":{"line":19,"column":4},"end":{"line":19,"column":42}},{"start":{"line":19,"column":4},"end":{"line":19,"column":42}}],"line":19},"12":{"loc":{"start":{"line":19,"column":8},"end":{"line":19,"column":29}},"type":"binary-expr","locations":[{"start":{"line":19,"column":8},"end":{"line":19,"column":11}},{"start":{"line":19,"column":15},"end":{"line":19,"column":29}}],"line":19},"13":{"loc":{"start":{"line":21,"column":4},"end":{"line":21,"column":141}},"type":"if","locations":[{"start":{"line":21,"column":4},"end":{"line":21,"column":141}},{"start":{"line":21,"column":4},"end":{"line":21,"column":141}}],"line":21},"14":{"loc":{"start":{"line":21,"column":40},"end":{"line":21,"column":141}},"type":"if","locations":[{"start":{"line":21,"column":40},"end":{"line":21,"column":141}},{"start":{"line":21,"column":40},"end":{"line":21,"column":141}}],"line":21},"15":{"loc":{"start":{"line":21,"column":44},"end":{"line":21,"column":107}},"type":"binary-expr","locations":[{"start":{"line":21,"column":44},"end":{"line":21,"column":59}},{"start":{"line":21,"column":63},"end":{"line":21,"column":107}}],"line":21},"16":{"loc":{"start":{"line":25,"column":22},"end":{"line":27,"column":1}},"type":"binary-expr","locations":[{"start":{"line":25,"column":23},"end":{"line":25,"column":27}},{"start":{"line":25,"column":31},"end":{"line":25,"column":51}},{"start":{"line":25,"column":56},"end":{"line":27,"column":1}}],"line":25},"17":{"loc":{"start":{"line":26,"column":11},"end":{"line":26,"column":61}},"type":"cond-expr","locations":[{"start":{"line":26,"column":37},"end":{"line":26,"column":40}},{"start":{"line":26,"column":43},"end":{"line":26,"column":61}}],"line":26},"18":{"loc":{"start":{"line":26,"column":12},"end":{"line":26,"column":33}},"type":"binary-expr","locations":[{"start":{"line":26,"column":12},"end":{"line":26,"column":15}},{"start":{"line":26,"column":19},"end":{"line":26,"column":33}}],"line":26},"19":{"loc":{"start":{"line":62,"column":8},"end":{"line":67,"column":9}},"type":"if","locations":[{"start":{"line":62,"column":8},"end":{"line":67,"column":9}},{"start":{"line":62,"column":8},"end":{"line":67,"column":9}}],"line":62},"20":{"loc":{"start":{"line":65,"column":13},"end":{"line":67,"column":9}},"type":"if","locations":[{"start":{"line":65,"column":13},"end":{"line":67,"column":9}},{"start":{"line":65,"column":13},"end":{"line":67,"column":9}}],"line":65},"21":{"loc":{"start":{"line":70,"column":12},"end":{"line":76,"column":13}},"type":"if","locations":[{"start":{"line":70,"column":12},"end":{"line":76,"column":13}},{"start":{"line":70,"column":12},"end":{"line":76,"column":13}}],"line":70},"22":{"loc":{"start":{"line":70,"column":16},"end":{"line":70,"column":30}},"type":"binary-expr","locations":[{"start":{"line":70,"column":16},"end":{"line":70,"column":21}},{"start":{"line":70,"column":25},"end":{"line":70,"column":30}}],"line":70},"23":{"loc":{"start":{"line":75,"column":44},"end":{"line":75,"column":62}},"type":"cond-expr","locations":[{"start":{"line":75,"column":51},"end":{"line":75,"column":55}},{"start":{"line":75,"column":58},"end":{"line":75,"column":62}}],"line":75},"24":{"loc":{"start":{"line":83,"column":8},"end":{"line":85,"column":9}},"type":"if","locations":[{"start":{"line":83,"column":8},"end":{"line":85,"column":9}},{"start":{"line":83,"column":8},"end":{"line":85,"column":9}}],"line":83}},"s":{"0":1,"1":50,"2":50,"3":50,"4":50,"5":49,"6":1,"7":50,"8":0,"9":0,"10":0,"11":1,"12":1,"13":0,"14":1,"15":1,"16":0,"17":1,"18":1,"19":1,"20":60,"21":50,"22":1,"23":1,"24":1,"25":1,"26":1,"27":1,"28":1,"29":1,"30":1,"31":1,"32":0,"33":0,"34":0,"35":0,"36":0,"37":0,"38":0,"39":0,"40":0,"41":0,"42":1,"43":0,"44":0,"45":0,"46":0,"47":0,"48":1,"49":1},"f":{"0":50,"1":1,"2":0,"3":1,"4":0,"5":1,"6":1,"7":0,"8":0,"9":0,"10":0,"11":0},"b":{"0":[1,1,1],"1":[1,0],"2":[50,0],"3":[49,1],"4":[50,50],"5":[0,50],"6":[50,1],"7":[0,0],"8":[1,1,1],"9":[1,0],"10":[1,1,1],"11":[0,1],"12":[1,1],"13":[1,0],"14":[50,10],"15":[60,59],"16":[1,1,1],"17":[0,1],"18":[1,1],"19":[0,0],"20":[0,0],"21":[0,0],"22":[0,0],"23":[0,0],"24":[0,0]},"inputSourceMap":{"version":3,"file":"/Users/jsthomas1288/Code/GovCIO/mdl-web-app/database/models/model-user.ts","sources":["/Users/jsthomas1288/Code/GovCIO/mdl-web-app/database/models/model-user.ts"],"names":[],"mappings":";;;;;;;;;;;;;;;;;;;;;;;;;;;;AAAA,qDAAkD;AAClD,oDAA2B;AAC3B,+CAAiD;AAEjD,MAAM,UAAU,GAAG,IAAI,iBAAM,CAAC;IAC5B,MAAM,EAAE;QACN,IAAI,EAAE,MAAM;QACZ,MAAM,EAAE,IAAI;QACZ,QAAQ,EAAE,IAAI;QACd,IAAI,EAAE,IAAI;KACX;IACD,IAAI,EAAE;QACJ,IAAI,EAAE,MAAM;QACZ,QAAQ,EAAE,KAAK;KAChB;IACD,SAAS,EAAE;QACT,IAAI,EAAE,MAAM;QACZ,QAAQ,EAAE,IAAI;QACd,IAAI,EAAE,IAAI;KACX;IACD,QAAQ,EAAE;QACR,IAAI,EAAE,MAAM;QACZ,QAAQ,EAAE,IAAI;QACd,IAAI,EAAE,IAAI;KACX;IACD,QAAQ,EAAE;QACR,IAAI,EAAE,MAAM;QACZ,QAAQ,EAAE,IAAI;KACf;CACF,CAAC,CAAA;AAEF,wDAAwD;AACxD,UAAU,CAAC,OAAO,CAAC,YAAY,GAAG,CAChC,OAAO,EACP,QAA0E,EAC1E,EAAE;IACF,2CAA2C;IAC3C,SAAS,CAAC,OAAO,CAAC,EAAE,MAAM,EAAE,OAAO,CAAC,IAAI,CAAC,MAAM,EAAE,CAAC,CAAC,IAAI,CACrD,CAAC,KAAY,EAAE,IAAS,EAAE,EAAE;QAC1B,IAAI,KAAK,EAAE;YACT,OAAO,QAAQ,CAAC,IAAI,mBAAW,CAAC,KAAK,CAAC,OAAO,CAAC,EAAE,KAAK,EAAE,IAAI,CAAC,CAAA;SAC7D;aAAM,IAAI,CAAC,IAAI,EAAE;YAChB,OAAO,QAAQ,CAAC,IAAI,EAAE,KAAK,EAAE,IAAI,CAAC,CAAA;SACnC;QAED,mFAAmF;QACnF,gBAAM,CAAC,OAAO,CACZ,OAAO,CAAC,IAAI,CAAC,QAAQ,EACrB,IAAI,CAAC,QAAQ,EACb,CAAC,KAAwB,EAAE,IAAa,EAAE,EAAE;YAC1C,IAAI,KAAK,IAAI,CAAC,IAAI,EAAE;gBAClB,IAAI,KAAK,GAAgB,IAAI,mBAAW,CACtC,8BAA8B,EAC9B,GAAG,CACJ,CAAA;gBACD,QAAQ,CAAC,KAAK,EAAE,KAAK,EAAE,IAAI,CAAC,CAAA;aAC7B;iBAAM;gBACL,OAAO,QAAQ,CAAC,IAAI,EAAE,IAAI,EAAE,IAAI,CAAC,CAAC,CAAC,IAAI,CAAC,CAAC,CAAC,IAAI,CAAC,CAAA;aAChD;QACH,CAAC,CACF,CAAA;IACH,CAAC,CACF,CAAA;AACH,CAAC,CAAA;AAED,4DAA4D;AAC5D,UAAU,CAAC,GAAG,CAAC,MAAM,EAAE,UAAU,IAAI;IACnC,gBAAM,CAAC,IAAI,CAAC,IAAI,CAAC,QAAQ,EAAE,EAAE,EAAE,CAAC,KAAwB,EAAE,IAAY,EAAE,EAAE;QACxE,IAAI,KAAK,EAAE;YACT,OAAO,IAAI,CAAC,KAAK,CAAC,CAAA;SACnB;QACD,IAAI,CAAC,QAAQ,GAAG,IAAI,CAAA;QACpB,IAAI,EAAE,CAAA;IACR,CAAC,CAAC,CAAA;AACJ,CAAC,CAAC,CAAA;AAEF,MAAM,SAAS,GAAQ,kBAAQ,CAAC,KAAK,CAAC,MAAM,EAAE,UAAU,CAAC,CAAA;AAEzD,kBAAe,SAAS,CAAA","sourcesContent":["import mongoose, { Schema, Model } from 'mongoose'\nimport bcrypt from 'bcrypt'\nimport { StatusError } from '../../modules/error'\n\nconst UserSchema = new Schema({\n  userID: {\n    type: String,\n    unique: true,\n    required: true,\n    trim: true,\n  },\n  role: {\n    type: String,\n    required: false,\n  },\n  firstName: {\n    type: String,\n    required: true,\n    trim: true,\n  },\n  lastName: {\n    type: String,\n    required: true,\n    trim: true,\n  },\n  password: {\n    type: String,\n    required: true,\n  },\n})\n\n//authenticates user making a request is in the database\nUserSchema.statics.authenticate = (\n  request,\n  callback: (error: StatusError | null, correct: boolean, user: any) => void,\n) => {\n  //searches for user based on email provided\n  UserModel.findOne({ userID: request.body.userID }).exec(\n    (error: Error, user: any) => {\n      if (error) {\n        return callback(new StatusError(error.message), false, null)\n      } else if (!user) {\n        return callback(null, false, null)\n      }\n\n      //if there is no error and user exists, the encrypted password provided is verified\n      bcrypt.compare(\n        request.body.password,\n        user.password,\n        (error: Error | undefined, same: boolean) => {\n          if (error || !user) {\n            let error: StatusError = new StatusError(\n              'Failed to authenticate user.',\n              500,\n            )\n            callback(error, false, null)\n          } else {\n            return callback(null, same, same ? user : null)\n          }\n        },\n      )\n    },\n  )\n}\n\n//before a new user is saved, the password will be encrypted\nUserSchema.pre('save', function (next) {\n  bcrypt.hash(this.password, 10, (error: Error | undefined, hash: string) => {\n    if (error) {\n      return next(error)\n    }\n    this.password = hash\n    next()\n  })\n})\n\nconst UserModel: any = mongoose.model('User', UserSchema)\n\nexport default UserModel\n"]},"_coverageSchema":"1a1c01bbd47fc00a2c39e90264f33305004495a9","hash":"02a2baa903c3c6f11fcf7979fd95427474b2fa02","contentHash":"8ec8db7649884b4edcd4622e8b3502c36979ef78eeeb34bfd6f0f128471e6adc"},"/Users/jsthomas1288/Code/GovCIO/mdl-web-app/modules/error.ts":{"path":"/Users/jsthomas1288/Code/GovCIO/mdl-web-app/modules/error.ts","statementMap":{"0":{"start":{"line":2,"column":0},"end":{"line":2,"column":62}},"1":{"start":{"line":3,"column":0},"end":{"line":3,"column":29}},"2":{"start":{"line":6,"column":8},"end":{"line":6,"column":23}},"3":{"start":{"line":7,"column":8},"end":{"line":7,"column":58}},"4":{"start":{"line":10,"column":0},"end":{"line":10,"column":34}},"5":{"start":{"line":11,"column":0},"end":{"line":13,"column":2}}},"fnMap":{"0":{"name":"(anonymous_0)","decl":{"start":{"line":5,"column":4},"end":{"line":5,"column":5}},"loc":{"start":{"line":5,"column":33},"end":{"line":8,"column":5}},"line":5}},"branchMap":{"0":{"loc":{"start":{"line":7,"column":22},"end":{"line":7,"column":57}},"type":"cond-expr","locations":[{"start":{"line":7,"column":45},"end":{"line":7,"column":51}},{"start":{"line":7,"column":54},"end":{"line":7,"column":57}}],"line":7}},"s":{"0":1,"1":1,"2":0,"3":0,"4":1,"5":1},"f":{"0":0},"b":{"0":[0,0]},"inputSourceMap":{"version":3,"file":"/Users/jsthomas1288/Code/GovCIO/mdl-web-app/modules/error.ts","sources":["/Users/jsthomas1288/Code/GovCIO/mdl-web-app/modules/error.ts"],"names":[],"mappings":";;;AAAA,MAAa,WAAY,SAAQ,KAAK;IAGpC,YAAY,OAAgB,EAAE,MAAe;QAC3C,KAAK,CAAC,OAAO,CAAC,CAAA;QACd,IAAI,CAAC,MAAM,GAAG,MAAM,KAAK,SAAS,CAAC,CAAC,CAAC,MAAM,CAAC,CAAC,CAAC,GAAG,CAAA;IACnD,CAAC;CACF;AAPD,kCAOC;AAED,kBAAe;IACb,WAAW;CACZ,CAAA","sourcesContent":["export class StatusError extends Error {\n  status: number\n\n  constructor(message?: string, status?: number) {\n    super(message)\n    this.status = status !== undefined ? status : 500\n  }\n}\n\nexport default {\n  StatusError,\n}\n"]},"_coverageSchema":"1a1c01bbd47fc00a2c39e90264f33305004495a9","hash":"52a4af1ba35e61a2a9e6977dae214d7d1891846a","contentHash":"854c009e6f8b209cee1adbf50abaa4fdcabfebd3fecc4e733c06ba035e78d280"},"/Users/jsthomas1288/Code/GovCIO/mdl-web-app/textUtilities.ts":{"path":"/Users/jsthomas1288/Code/GovCIO/mdl-web-app/textUtilities.ts","statementMap":{"0":{"start":{"line":2,"column":0},"end":{"line":2,"column":62}},"1":{"start":{"line":4,"column":21},"end":{"line":4,"column":37}},"2":{"start":{"line":5,"column":24},"end":{"line":5,"column":26}},"3":{"start":{"line":6,"column":4},"end":{"line":9,"column":7}},"4":{"start":{"line":7,"column":22},"end":{"line":7,"column":59}},"5":{"start":{"line":8,"column":8},"end":{"line":8,"column":36}},"6":{"start":{"line":10,"column":19},"end":{"line":10,"column":42}},"7":{"start":{"line":11,"column":4},"end":{"line":11,"column":20}},"8":{"start":{"line":13,"column":0},"end":{"line":13,"column":27}}},"fnMap":{"0":{"name":"titleCase","decl":{"start":{"line":3,"column":9},"end":{"line":3,"column":18}},"loc":{"start":{"line":3,"column":26},"end":{"line":12,"column":1}},"line":3},"1":{"name":"(anonymous_1)","decl":{"start":{"line":6,"column":23},"end":{"line":6,"column":24}},"loc":{"start":{"line":6,"column":33},"end":{"line":9,"column":5}},"line":6}},"branchMap":{},"s":{"0":1,"1":2,"2":2,"3":2,"4":8,"5":8,"6":2,"7":2,"8":1},"f":{"0":2,"1":8},"b":{},"inputSourceMap":{"version":3,"file":"/Users/jsthomas1288/Code/GovCIO/mdl-web-app/textUtilities.ts","sources":["/Users/jsthomas1288/Code/GovCIO/mdl-web-app/textUtilities.ts"],"names":[],"mappings":";;AAGA,SAAS,SAAS,CAAC,KAAa;IAC9B,IAAI,UAAU,GAAG,KAAK,CAAC,KAAK,CAAC,GAAG,CAAC,CAAA;IACjC,IAAI,aAAa,GAAkB,EAAE,CAAA;IACrC,UAAU,CAAC,OAAO,CAAC,CAAC,IAAY,EAAE,EAAE;QAClC,IAAI,OAAO,GAAG,IAAI,CAAC,CAAC,CAAC,CAAC,WAAW,EAAE,GAAG,IAAI,CAAC,KAAK,CAAC,CAAC,CAAC,CAAA;QACnD,aAAa,CAAC,IAAI,CAAC,OAAO,CAAC,CAAA;IAC7B,CAAC,CAAC,CAAA;IACF,IAAI,QAAQ,GAAG,aAAa,CAAC,IAAI,CAAC,GAAG,CAAC,CAAA;IACtC,OAAO,QAAQ,CAAA;AACjB,CAAC;AAED,MAAM,CAAC,OAAO,GAAG,SAAS,CAAA","sourcesContent":["//npm imports\nimport express from 'express'\n\nfunction titleCase(title: string) {\n  let titleArray = title.split(' ')\n  let newTitleArray: Array<string> = []\n  titleArray.forEach((word: string) => {\n    let newWord = word[0].toUpperCase() + word.slice(1)\n    newTitleArray.push(newWord)\n  })\n  let newTitle = newTitleArray.join(' ')\n  return newTitle\n}\n\nmodule.exports = titleCase\n"]},"_coverageSchema":"1a1c01bbd47fc00a2c39e90264f33305004495a9","hash":"b693543dea2b132590e3593fa9a9e3b7745277f3","contentHash":"a721a60dc91c610ecf8b5a0002f7a26e99e672cfe6903074fd78a75ff168a98b"},"/Users/jsthomas1288/Code/GovCIO/mdl-web-app/utilities.ts":{"path":"/Users/jsthomas1288/Code/GovCIO/mdl-web-app/utilities.ts","statementMap":{"0":{"start":{"line":2,"column":0},"end":{"line":2,"column":62}},"1":{"start":{"line":4,"column":4},"end":{"line":6,"column":7}},"2":{"start":{"line":5,"column":8},"end":{"line":5,"column":27}},"3":{"start":{"line":8,"column":0},"end":{"line":8,"column":31}}},"fnMap":{"0":{"name":"gatherNamesOf","decl":{"start":{"line":3,"column":9},"end":{"line":3,"column":22}},"loc":{"start":{"line":3,"column":38},"end":{"line":7,"column":1}},"line":3},"1":{"name":"(anonymous_1)","decl":{"start":{"line":4,"column":29},"end":{"line":4,"column":30}},"loc":{"start":{"line":4,"column":47},"end":{"line":6,"column":5}},"line":4}},"branchMap":{},"s":{"0":1,"1":3,"2":9,"3":1},"f":{"0":3,"1":9},"b":{},"inputSourceMap":{"version":3,"file":"/Users/jsthomas1288/Code/GovCIO/mdl-web-app/utilities.ts","sources":["/Users/jsthomas1288/Code/GovCIO/mdl-web-app/utilities.ts"],"names":[],"mappings":";;AAIA,SAAS,aAAa,CAAC,aAA+B;IACpD,OAAO,aAAa,CAAC,GAAG,CAAC,UAAU,MAAiB;QAClD,OAAO,MAAM,CAAC,IAAI,CAAA;IACpB,CAAC,CAAC,CAAA;AACJ,CAAC;AAED,MAAM,CAAC,OAAO,GAAG,aAAa,CAAA","sourcesContent":["//npm imports\nimport express from 'express'\nimport { AnyObject } from './src/modules/toolbox/objects'\n\nfunction gatherNamesOf(arrayOfPeople: Array<AnyObject>) {\n  return arrayOfPeople.map(function (person: AnyObject) {\n    return person.name\n  })\n}\n\nmodule.exports = gatherNamesOf\n"]},"_coverageSchema":"1a1c01bbd47fc00a2c39e90264f33305004495a9","hash":"2d8a51fc0d7a285001dec6356a1aee7eed58f67d","contentHash":"92f04c9e6f9b38fac791f8d03b78ace5ff7fab430bcf92f65f4f10bc30b5b8df"}}